#
# A fatal error has been detected by the Java Runtime Environment:
#
#  EXCEPTION_ACCESS_VIOLATION (0xc0000005) at pc=0x00007ffb5759fb6b, pid=12196, tid=12624
#
# JRE version: OpenJDK Runtime Environment (17.0+35) (build 17+35-2724)
# Java VM: OpenJDK 64-Bit Server VM (17+35-2724, mixed mode, sharing, tiered, compressed oops, compressed class ptrs, g1 gc, windows-amd64)
# Problematic frame:
# V  [jvm.dll+0x64fb6b]
#
# No core dump will be written. Minidumps are not enabled by default on client versions of Windows
#
# If you would like to submit a bug report, please visit:
#   https://bugreport.java.com/bugreport/crash.jsp
#

---------------  S U M M A R Y ------------

Command Line: -javaagent:C:\Program Files\JetBrains\IntelliJ IDEA Community Edition 2021.2.2\lib\idea_rt.jar=51199:C:\Program Files\JetBrains\IntelliJ IDEA Community Edition 2021.2.2\bin -Dfile.encoding=UTF-8 ShoppingCart

Host: Intel(R) Core(TM) i5-7300HQ CPU @ 2.50GHz, 4 cores, 7G,  Windows 10 , 64 bit Build 19041 (10.0.19041.1503)
Time: Tue Feb 22 16:37:08 2022 Central Standard Time elapsed time: 0.559732 seconds (0d 0h 0m 0s)

---------------  T H R E A D  ---------------

Current thread (0x0000017f7fc06e90):  JavaThread "C2 CompilerThread0" daemon [_thread_in_native, id=12624, stack(0x00000049e2000000,0x00000049e2100000)]


Current CompileTask:
C2:    559  350       4       ShoppingCart::main (289 bytes)

Stack: [0x00000049e2000000,0x00000049e2100000],  sp=0x00000049e20fa950,  free space=1002k
Native frames: (J=compiled Java code, j=interpreted, Vv=VM code, C=native code)
V  [jvm.dll+0x64fb6b]
V  [jvm.dll+0x566abc]
V  [jvm.dll+0x57aaf0]
V  [jvm.dll+0x57c265]
V  [jvm.dll+0x578959]
V  [jvm.dll+0x21de2d]
V  [jvm.dll+0x217651]
V  [jvm.dll+0x214fb5]
V  [jvm.dll+0x1a168d]
V  [jvm.dll+0x2248f8]
V  [jvm.dll+0x222a5c]
V  [jvm.dll+0x78422b]
V  [jvm.dll+0x77e7ea]
V  [jvm.dll+0x66e715]
C  [ucrtbase.dll+0x21bb2]
C  [KERNEL32.DLL+0x17034]
C  [ntdll.dll+0x52651]


siginfo: EXCEPTION_ACCESS_VIOLATION (0xc0000005), reading address 0x0000000000000020


Register to memory mapping:

RIP=0x00007ffb5759fb6b jvm.dll
RAX=0x0 is NULL
RBX=0x0 is NULL
RCX=0x0 is NULL
RDX=0x0000000000000001 is an unknown value
RSP=0x00000049e20fa950 is pointing into the stack for thread: 0x0000017f7fc06e90
RBP=0x0 is NULL
RSI=0x0 is NULL
RDI=0x0000017f1b0df490 points into unknown readable memory: 0x00007ffb57800f88 | 88 0f 80 57 fb 7f 00 00
R8 =0x0000017f1b0df490 points into unknown readable memory: 0x00007ffb57800f88 | 88 0f 80 57 fb 7f 00 00
R9 =0x0000017f1b0df478 points into unknown readable memory: 0x0000017f1b0df490 | 90 f4 0d 1b 7f 01 00 00
R10=0xfefefefefefefeff is an unknown value
R11=0x8080808080808080 is an unknown value
R12=0x0000000000000001 is an unknown value
R13=0x0000017f1b0dfb60 points into unknown readable memory: 0x00007ffb57815ba0 | a0 5b 81 57 fb 7f 00 00
R14=0x00000049e20fae00 is pointing into the stack for thread: 0x0000017f7fc06e90
R15=0x0 is NULL


Registers:
RAX=0x0000000000000000, RBX=0x0000000000000000, RCX=0x0000000000000000, RDX=0x0000000000000001
RSP=0x00000049e20fa950, RBP=0x0000000000000000, RSI=0x0000000000000000, RDI=0x0000017f1b0df490
R8 =0x0000017f1b0df490, R9 =0x0000017f1b0df478, R10=0xfefefefefefefeff, R11=0x8080808080808080
R12=0x0000000000000001, R13=0x0000017f1b0dfb60, R14=0x00000049e20fae00, R15=0x0000000000000000
RIP=0x00007ffb5759fb6b, EFLAGS=0x0000000000010246

Top of Stack: (sp=0x00000049e20fa950)
0x00000049e20fa950:   0000017f1b0e0830 00007ffb5770796e
0x00000049e20fa960:   0000017f1b0dfb60 00007ffb5758e607
0x00000049e20fa970:   0000017f1b0df490 00007ffb574b6abc
0x00000049e20fa980:   00000049e20faa20 0000017f1b0df3b8
0x00000049e20fa990:   00000049e20faa20 00007ffb574b695c
0x00000049e20fa9a0:   0000000000000000 0000000000020300
0x00000049e20fa9b0:   0000017f7cb5f160 0000017f1b0dff40
0x00000049e20fa9c0:   0000017f7fc3e750 00007ffb574caaf0
0x00000049e20fa9d0:   00000049e20fae00 00000049e20faa20
0x00000049e20fa9e0:   00000049e20fae00 0000017f1b0dff40
0x00000049e20fa9f0:   0000017f1b058808 00007ffb574cc265
0x00000049e20faa00:   0000000000000001 0000000000000000
0x00000049e20faa10:   00000049e20fab80 0000017f1b0e4530
0x00000049e20faa20:   0000017f7fbffcf0 00007ffb00000004
0x00000049e20faa30:   0000017f1b06b060 0000000000000003
0x00000049e20faa40:   0000017f00000020 0000017f1b06b090 

Instructions: (pc=0x00007ffb5759fb6b)
0x00007ffb5759fa6b:   f8 75 f6 ff c9 41 89 4a 20 48 8b 14 ca 48 89 10
0x00007ffb5759fa7b:   41 8b d3 49 8b c9 e9 aa d8 ff ff c3 cc cc cc cc
0x00007ffb5759fa8b:   cc cc cc cc cc 48 89 5c 24 08 57 48 83 ec 20 65
0x00007ffb5759fa9b:   48 8b 04 25 58 00 00 00 48 8b d9 8b 15 cc 7e 4d
0x00007ffb5759faab:   00 48 8b 3c d0 b8 48 00 00 00 80 3c 38 00 75 05
0x00007ffb5759fabb:   e8 9c a2 1d 00 b8 18 00 00 00 48 8b 04 38 48 8b
0x00007ffb5759facb:   88 d0 04 00 00 48 8b 81 80 00 00 00 48 3b 98 d0
0x00007ffb5759fadb:   02 00 00 75 15 33 c0 48 89 43 20 48 89 43 10 48
0x00007ffb5759faeb:   8b 5c 24 30 48 83 c4 20 5f c3 48 83 7b 10 00 75
0x00007ffb5759fafb:   08 48 c7 43 10 ff ff ff ff 48 8b 5c 24 30 48 83
0x00007ffb5759fb0b:   c4 20 5f c3 cc 8b 41 2c 83 e0 1f 3c 14 75 2d 66
0x00007ffb5759fb1b:   0f 1f 44 00 00 83 79 18 02 75 21 8b 41 2c 83 e0
0x00007ffb5759fb2b:   1f 3c 14 75 17 84 d2 74 06 83 79 40 00 75 0d 48
0x00007ffb5759fb3b:   8b 41 08 48 8b 48 08 48 85 c9 75 d9 48 8b c1 c3
0x00007ffb5759fb4b:   cc cc cc cc cc 48 89 5c 24 08 48 89 6c 24 10 48
0x00007ffb5759fb5b:   89 74 24 18 57 48 83 ec 20 33 ed 48 8b f1 8b dd
0x00007ffb5759fb6b:   39 59 20 76 2b 48 8b 46 10 8b d3 48 8b 3c d0 48
0x00007ffb5759fb7b:   8b cf 48 8b 07 ff 50 10 84 c0 74 0d 48 3b fe 74
0x00007ffb5759fb8b:   08 48 85 ed 75 22 48 8b ef ff c3 3b 5e 20 72 d5
0x00007ffb5759fb9b:   48 8b c5 48 8b 5c 24 30 48 8b 6c 24 38 48 8b 74
0x00007ffb5759fbab:   24 40 48 83 c4 20 5f c3 33 c0 eb e7 cc cc cc cc
0x00007ffb5759fbbb:   cc cc cc cc cc 44 8b 49 18 33 c0 45 85 c9 74 25
0x00007ffb5759fbcb:   4c 8b 51 10 90 44 8b c0 49 39 14 c2 74 08 ff c0
0x00007ffb5759fbdb:   41 3b c1 72 f0 c3 41 8d 41 ff 89 41 18 49 8b 0c
0x00007ffb5759fbeb:   c2 4b 89 0c c2 c3 cc cc cc cc cc cc cc cc cc cc
0x00007ffb5759fbfb:   cc cc cc cc cc b8 02 00 00 00 f0 0f c1 05 cb e0
0x00007ffb5759fc0b:   4a 00 83 c0 02 89 01 48 8b 05 b7 e0 4a 00 48 89
0x00007ffb5759fc1b:   41 08 48 8b c1 c3 cc cc cc cc cc cc cc cc cc cc
0x00007ffb5759fc2b:   cc cc cc cc cc 40 53 48 83 ec 20 48 8b d9 e8 32
0x00007ffb5759fc3b:   df 12 00 33 c9 c7 83 90 02 00 00 ff ff ff ff 48
0x00007ffb5759fc4b:   8d 05 ef cf 2e 00 48 89 8b 80 02 00 00 48 89 03
0x00007ffb5759fc5b:   48 8d 05 c6 d0 2e 00 48 89 03 48 8b c3 48 89 8b 


Stack slot to memory mapping:
stack at sp + 0 slots: 0x0000017f1b0e0830 points into unknown readable memory: 0x00007ffb57849610 | 10 96 84 57 fb 7f 00 00
stack at sp + 1 slots: 0x00007ffb5770796e jvm.dll
stack at sp + 2 slots: 0x0000017f1b0dfb60 points into unknown readable memory: 0x00007ffb57815ba0 | a0 5b 81 57 fb 7f 00 00
stack at sp + 3 slots: 0x00007ffb5758e607 jvm.dll
stack at sp + 4 slots: 0x0000017f1b0df490 points into unknown readable memory: 0x00007ffb57800f88 | 88 0f 80 57 fb 7f 00 00
stack at sp + 5 slots: 0x00007ffb574b6abc jvm.dll
stack at sp + 6 slots: 0x00000049e20faa20 is pointing into the stack for thread: 0x0000017f7fc06e90
stack at sp + 7 slots: 0x0000017f1b0df3b8 points into unknown readable memory: 0x00007ffb57800d10 | 10 0d 80 57 fb 7f 00 00


---------------  P R O C E S S  ---------------

Threads class SMR info:
_java_thread_list=0x0000017f1b0d5950, length=13, elements={
0x0000017f7cb60450, 0x0000017f7fbee3c0, 0x0000017f7fbf00e0, 0x0000017f7fc03d70,
0x0000017f7fc05740, 0x0000017f7fc092c0, 0x0000017f7fc0a130, 0x0000017f7fc06e90,
0x0000017f7fc07930, 0x0000017f7fc13990, 0x0000017f7fc0a600, 0x0000017f7fc08df0,
0x0000017f7fc0b940
}

Java Threads: ( => current thread )
  0x0000017f7cb60450 JavaThread "main" [_thread_in_Java, id=12640, stack(0x00000049e1300000,0x00000049e1400000)]
  0x0000017f7fbee3c0 JavaThread "Reference Handler" daemon [_thread_blocked, id=4720, stack(0x00000049e1a00000,0x00000049e1b00000)]
  0x0000017f7fbf00e0 JavaThread "Finalizer" daemon [_thread_blocked, id=5128, stack(0x00000049e1b00000,0x00000049e1c00000)]
  0x0000017f7fc03d70 JavaThread "Signal Dispatcher" daemon [_thread_blocked, id=12464, stack(0x00000049e1c00000,0x00000049e1d00000)]
  0x0000017f7fc05740 JavaThread "Attach Listener" daemon [_thread_blocked, id=8228, stack(0x00000049e1d00000,0x00000049e1e00000)]
  0x0000017f7fc092c0 JavaThread "Service Thread" daemon [_thread_blocked, id=1256, stack(0x00000049e1e00000,0x00000049e1f00000)]
  0x0000017f7fc0a130 JavaThread "Monitor Deflation Thread" daemon [_thread_blocked, id=9196, stack(0x00000049e1f00000,0x00000049e2000000)]
=>0x0000017f7fc06e90 JavaThread "C2 CompilerThread0" daemon [_thread_in_native, id=12624, stack(0x00000049e2000000,0x00000049e2100000)]
  0x0000017f7fc07930 JavaThread "C1 CompilerThread0" daemon [_thread_blocked, id=8988, stack(0x00000049e2100000,0x00000049e2200000)]
  0x0000017f7fc13990 JavaThread "Sweeper thread" daemon [_thread_blocked, id=9468, stack(0x00000049e2200000,0x00000049e2300000)]
  0x0000017f7fc0a600 JavaThread "Common-Cleaner" daemon [_thread_blocked, id=9364, stack(0x00000049e2300000,0x00000049e2400000)]
  0x0000017f7fc08df0 JavaThread "Monitor Ctrl-Break" daemon [_thread_in_native, id=11816, stack(0x00000049e2400000,0x00000049e2500000)]
  0x0000017f7fc0b940 JavaThread "Notification Thread" daemon [_thread_blocked, id=8272, stack(0x00000049e2500000,0x00000049e2600000)]

Other Threads:
  0x0000017f7fbe8760 VMThread "VM Thread" [stack: 0x00000049e1900000,0x00000049e1a00000] [id=12420]
  0x0000017f7cb61210 WatcherThread [stack: 0x00000049e2600000,0x00000049e2700000] [id=6192]
  0x0000017f7cb9a5f0 GCTaskThread "GC Thread#0" [stack: 0x00000049e1400000,0x00000049e1500000] [id=3420]
  0x0000017f7cbab130 ConcurrentGCThread "G1 Main Marker" [stack: 0x00000049e1500000,0x00000049e1600000] [id=5668]
  0x0000017f7cbabb40 ConcurrentGCThread "G1 Conc#0" [stack: 0x00000049e1600000,0x00000049e1700000] [id=8944]
  0x0000017f7cc232a0 ConcurrentGCThread "G1 Refine#0" [stack: 0x00000049e1700000,0x00000049e1800000] [id=12820]
  0x0000017f7cc23cc0 ConcurrentGCThread "G1 Service" [stack: 0x00000049e1800000,0x00000049e1900000] [id=1136]

Threads with active compile tasks:
C2 CompilerThread0      636  350       4       ShoppingCart::main (289 bytes)

VM state: not at safepoint (normal execution)

VM Mutex/Monitor currently owned by a thread: None

Heap address: 0x0000000082000000, size: 2016 MB, Compressed Oops mode: 32-bit

CDS archive(s) mapped at: [0x0000000800000000-0x0000000800bc0000-0x0000000800bc0000), size 12320768, SharedBaseAddress: 0x0000000800000000, ArchiveRelocationMode: 0.
Compressed class space mapped at: 0x0000000800c00000-0x0000000840c00000, reserved size: 1073741824
Narrow klass base: 0x0000000800000000, Narrow klass shift: 0, Narrow klass range: 0x100000000

GC Precious Log:
 CPUs: 4 total, 4 available
 Memory: 8058M
 Large Page Support: Disabled
 NUMA Support: Disabled
 Compressed Oops: Enabled (32-bit)
 Heap Region Size: 1M
 Heap Min Capacity: 8M
 Heap Initial Capacity: 126M
 Heap Max Capacity: 2016M
 Pre-touch: Disabled
 Parallel Workers: 4
 Concurrent Workers: 1
 Concurrent Refinement Workers: 4
 Periodic GC: Disabled

Heap:
 garbage-first heap   total 129024K, used 3072K [0x0000000082000000, 0x0000000100000000)
  region size 1024K, 4 young (4096K), 0 survivors (0K)
 Metaspace       used 982K, committed 1152K, reserved 1056768K
  class space    used 75K, committed 128K, reserved 1048576K

Heap Regions: E=young(eden), S=young(survivor), O=old, HS=humongous(starts), HC=humongous(continues), CS=collection set, F=free, OA=open archive, CA=closed archive, TAMS=top-at-mark-start (previous, next)
|   0|0x0000000082000000, 0x0000000082000000, 0x0000000082100000|  0%| F|  |TAMS 0x0000000082000000, 0x0000000082000000| Untracked 
|   1|0x0000000082100000, 0x0000000082100000, 0x0000000082200000|  0%| F|  |TAMS 0x0000000082100000, 0x0000000082100000| Untracked 
|   2|0x0000000082200000, 0x0000000082200000, 0x0000000082300000|  0%| F|  |TAMS 0x0000000082200000, 0x0000000082200000| Untracked 
|   3|0x0000000082300000, 0x0000000082300000, 0x0000000082400000|  0%| F|  |TAMS 0x0000000082300000, 0x0000000082300000| Untracked 
|   4|0x0000000082400000, 0x0000000082400000, 0x0000000082500000|  0%| F|  |TAMS 0x0000000082400000, 0x0000000082400000| Untracked 
|   5|0x0000000082500000, 0x0000000082500000, 0x0000000082600000|  0%| F|  |TAMS 0x0000000082500000, 0x0000000082500000| Untracked 
|   6|0x0000000082600000, 0x0000000082600000, 0x0000000082700000|  0%| F|  |TAMS 0x0000000082600000, 0x0000000082600000| Untracked 
|   7|0x0000000082700000, 0x0000000082700000, 0x0000000082800000|  0%| F|  |TAMS 0x0000000082700000, 0x0000000082700000| Untracked 
|   8|0x0000000082800000, 0x0000000082800000, 0x0000000082900000|  0%| F|  |TAMS 0x0000000082800000, 0x0000000082800000| Untracked 
|   9|0x0000000082900000, 0x0000000082900000, 0x0000000082a00000|  0%| F|  |TAMS 0x0000000082900000, 0x0000000082900000| Untracked 
|  10|0x0000000082a00000, 0x0000000082a00000, 0x0000000082b00000|  0%| F|  |TAMS 0x0000000082a00000, 0x0000000082a00000| Untracked 
|  11|0x0000000082b00000, 0x0000000082b00000, 0x0000000082c00000|  0%| F|  |TAMS 0x0000000082b00000, 0x0000000082b00000| Untracked 
|  12|0x0000000082c00000, 0x0000000082c00000, 0x0000000082d00000|  0%| F|  |TAMS 0x0000000082c00000, 0x0000000082c00000| Untracked 
|  13|0x0000000082d00000, 0x0000000082d00000, 0x0000000082e00000|  0%| F|  |TAMS 0x0000000082d00000, 0x0000000082d00000| Untracked 
|  14|0x0000000082e00000, 0x0000000082e00000, 0x0000000082f00000|  0%| F|  |TAMS 0x0000000082e00000, 0x0000000082e00000| Untracked 
|  15|0x0000000082f00000, 0x0000000082f00000, 0x0000000083000000|  0%| F|  |TAMS 0x0000000082f00000, 0x0000000082f00000| Untracked 
|  16|0x0000000083000000, 0x0000000083000000, 0x0000000083100000|  0%| F|  |TAMS 0x0000000083000000, 0x0000000083000000| Untracked 
|  17|0x0000000083100000, 0x0000000083100000, 0x0000000083200000|  0%| F|  |TAMS 0x0000000083100000, 0x0000000083100000| Untracked 
|  18|0x0000000083200000, 0x0000000083200000, 0x0000000083300000|  0%| F|  |TAMS 0x0000000083200000, 0x0000000083200000| Untracked 
|  19|0x0000000083300000, 0x0000000083300000, 0x0000000083400000|  0%| F|  |TAMS 0x0000000083300000, 0x0000000083300000| Untracked 
|  20|0x0000000083400000, 0x0000000083400000, 0x0000000083500000|  0%| F|  |TAMS 0x0000000083400000, 0x0000000083400000| Untracked 
|  21|0x0000000083500000, 0x0000000083500000, 0x0000000083600000|  0%| F|  |TAMS 0x0000000083500000, 0x0000000083500000| Untracked 
|  22|0x0000000083600000, 0x0000000083600000, 0x0000000083700000|  0%| F|  |TAMS 0x0000000083600000, 0x0000000083600000| Untracked 
|  23|0x0000000083700000, 0x0000000083700000, 0x0000000083800000|  0%| F|  |TAMS 0x0000000083700000, 0x0000000083700000| Untracked 
|  24|0x0000000083800000, 0x0000000083800000, 0x0000000083900000|  0%| F|  |TAMS 0x0000000083800000, 0x0000000083800000| Untracked 
|  25|0x0000000083900000, 0x0000000083900000, 0x0000000083a00000|  0%| F|  |TAMS 0x0000000083900000, 0x0000000083900000| Untracked 
|  26|0x0000000083a00000, 0x0000000083a00000, 0x0000000083b00000|  0%| F|  |TAMS 0x0000000083a00000, 0x0000000083a00000| Untracked 
|  27|0x0000000083b00000, 0x0000000083b00000, 0x0000000083c00000|  0%| F|  |TAMS 0x0000000083b00000, 0x0000000083b00000| Untracked 
|  28|0x0000000083c00000, 0x0000000083c00000, 0x0000000083d00000|  0%| F|  |TAMS 0x0000000083c00000, 0x0000000083c00000| Untracked 
|  29|0x0000000083d00000, 0x0000000083d00000, 0x0000000083e00000|  0%| F|  |TAMS 0x0000000083d00000, 0x0000000083d00000| Untracked 
|  30|0x0000000083e00000, 0x0000000083e00000, 0x0000000083f00000|  0%| F|  |TAMS 0x0000000083e00000, 0x0000000083e00000| Untracked 
|  31|0x0000000083f00000, 0x0000000083f00000, 0x0000000084000000|  0%| F|  |TAMS 0x0000000083f00000, 0x0000000083f00000| Untracked 
|  32|0x0000000084000000, 0x0000000084000000, 0x0000000084100000|  0%| F|  |TAMS 0x0000000084000000, 0x0000000084000000| Untracked 
|  33|0x0000000084100000, 0x0000000084100000, 0x0000000084200000|  0%| F|  |TAMS 0x0000000084100000, 0x0000000084100000| Untracked 
|  34|0x0000000084200000, 0x0000000084200000, 0x0000000084300000|  0%| F|  |TAMS 0x0000000084200000, 0x0000000084200000| Untracked 
|  35|0x0000000084300000, 0x0000000084300000, 0x0000000084400000|  0%| F|  |TAMS 0x0000000084300000, 0x0000000084300000| Untracked 
|  36|0x0000000084400000, 0x0000000084400000, 0x0000000084500000|  0%| F|  |TAMS 0x0000000084400000, 0x0000000084400000| Untracked 
|  37|0x0000000084500000, 0x0000000084500000, 0x0000000084600000|  0%| F|  |TAMS 0x0000000084500000, 0x0000000084500000| Untracked 
|  38|0x0000000084600000, 0x0000000084600000, 0x0000000084700000|  0%| F|  |TAMS 0x0000000084600000, 0x0000000084600000| Untracked 
|  39|0x0000000084700000, 0x0000000084700000, 0x0000000084800000|  0%| F|  |TAMS 0x0000000084700000, 0x0000000084700000| Untracked 
|  40|0x0000000084800000, 0x0000000084800000, 0x0000000084900000|  0%| F|  |TAMS 0x0000000084800000, 0x0000000084800000| Untracked 
|  41|0x0000000084900000, 0x0000000084900000, 0x0000000084a00000|  0%| F|  |TAMS 0x0000000084900000, 0x0000000084900000| Untracked 
|  42|0x0000000084a00000, 0x0000000084a00000, 0x0000000084b00000|  0%| F|  |TAMS 0x0000000084a00000, 0x0000000084a00000| Untracked 
|  43|0x0000000084b00000, 0x0000000084b00000, 0x0000000084c00000|  0%| F|  |TAMS 0x0000000084b00000, 0x0000000084b00000| Untracked 
|  44|0x0000000084c00000, 0x0000000084c00000, 0x0000000084d00000|  0%| F|  |TAMS 0x0000000084c00000, 0x0000000084c00000| Untracked 
|  45|0x0000000084d00000, 0x0000000084d00000, 0x0000000084e00000|  0%| F|  |TAMS 0x0000000084d00000, 0x0000000084d00000| Untracked 
|  46|0x0000000084e00000, 0x0000000084e00000, 0x0000000084f00000|  0%| F|  |TAMS 0x0000000084e00000, 0x0000000084e00000| Untracked 
|  47|0x0000000084f00000, 0x0000000084f00000, 0x0000000085000000|  0%| F|  |TAMS 0x0000000084f00000, 0x0000000084f00000| Untracked 
|  48|0x0000000085000000, 0x0000000085000000, 0x0000000085100000|  0%| F|  |TAMS 0x0000000085000000, 0x0000000085000000| Untracked 
|  49|0x0000000085100000, 0x0000000085100000, 0x0000000085200000|  0%| F|  |TAMS 0x0000000085100000, 0x0000000085100000| Untracked 
|  50|0x0000000085200000, 0x0000000085200000, 0x0000000085300000|  0%| F|  |TAMS 0x0000000085200000, 0x0000000085200000| Untracked 
|  51|0x0000000085300000, 0x0000000085300000, 0x0000000085400000|  0%| F|  |TAMS 0x0000000085300000, 0x0000000085300000| Untracked 
|  52|0x0000000085400000, 0x0000000085400000, 0x0000000085500000|  0%| F|  |TAMS 0x0000000085400000, 0x0000000085400000| Untracked 
|  53|0x0000000085500000, 0x0000000085500000, 0x0000000085600000|  0%| F|  |TAMS 0x0000000085500000, 0x0000000085500000| Untracked 
|  54|0x0000000085600000, 0x0000000085600000, 0x0000000085700000|  0%| F|  |TAMS 0x0000000085600000, 0x0000000085600000| Untracked 
|  55|0x0000000085700000, 0x0000000085700000, 0x0000000085800000|  0%| F|  |TAMS 0x0000000085700000, 0x0000000085700000| Untracked 
|  56|0x0000000085800000, 0x0000000085800000, 0x0000000085900000|  0%| F|  |TAMS 0x0000000085800000, 0x0000000085800000| Untracked 
|  57|0x0000000085900000, 0x0000000085900000, 0x0000000085a00000|  0%| F|  |TAMS 0x0000000085900000, 0x0000000085900000| Untracked 
|  58|0x0000000085a00000, 0x0000000085a00000, 0x0000000085b00000|  0%| F|  |TAMS 0x0000000085a00000, 0x0000000085a00000| Untracked 
|  59|0x0000000085b00000, 0x0000000085b00000, 0x0000000085c00000|  0%| F|  |TAMS 0x0000000085b00000, 0x0000000085b00000| Untracked 
|  60|0x0000000085c00000, 0x0000000085c00000, 0x0000000085d00000|  0%| F|  |TAMS 0x0000000085c00000, 0x0000000085c00000| Untracked 
|  61|0x0000000085d00000, 0x0000000085d00000, 0x0000000085e00000|  0%| F|  |TAMS 0x0000000085d00000, 0x0000000085d00000| Untracked 
|  62|0x0000000085e00000, 0x0000000085e00000, 0x0000000085f00000|  0%| F|  |TAMS 0x0000000085e00000, 0x0000000085e00000| Untracked 
|  63|0x0000000085f00000, 0x0000000085f00000, 0x0000000086000000|  0%| F|  |TAMS 0x0000000085f00000, 0x0000000085f00000| Untracked 
|  64|0x0000000086000000, 0x0000000086000000, 0x0000000086100000|  0%| F|  |TAMS 0x0000000086000000, 0x0000000086000000| Untracked 
|  65|0x0000000086100000, 0x0000000086100000, 0x0000000086200000|  0%| F|  |TAMS 0x0000000086100000, 0x0000000086100000| Untracked 
|  66|0x0000000086200000, 0x0000000086200000, 0x0000000086300000|  0%| F|  |TAMS 0x0000000086200000, 0x0000000086200000| Untracked 
|  67|0x0000000086300000, 0x0000000086300000, 0x0000000086400000|  0%| F|  |TAMS 0x0000000086300000, 0x0000000086300000| Untracked 
|  68|0x0000000086400000, 0x0000000086400000, 0x0000000086500000|  0%| F|  |TAMS 0x0000000086400000, 0x0000000086400000| Untracked 
|  69|0x0000000086500000, 0x0000000086500000, 0x0000000086600000|  0%| F|  |TAMS 0x0000000086500000, 0x0000000086500000| Untracked 
|  70|0x0000000086600000, 0x0000000086600000, 0x0000000086700000|  0%| F|  |TAMS 0x0000000086600000, 0x0000000086600000| Untracked 
|  71|0x0000000086700000, 0x0000000086700000, 0x0000000086800000|  0%| F|  |TAMS 0x0000000086700000, 0x0000000086700000| Untracked 
|  72|0x0000000086800000, 0x0000000086800000, 0x0000000086900000|  0%| F|  |TAMS 0x0000000086800000, 0x0000000086800000| Untracked 
|  73|0x0000000086900000, 0x0000000086900000, 0x0000000086a00000|  0%| F|  |TAMS 0x0000000086900000, 0x0000000086900000| Untracked 
|  74|0x0000000086a00000, 0x0000000086a00000, 0x0000000086b00000|  0%| F|  |TAMS 0x0000000086a00000, 0x0000000086a00000| Untracked 
|  75|0x0000000086b00000, 0x0000000086b00000, 0x0000000086c00000|  0%| F|  |TAMS 0x0000000086b00000, 0x0000000086b00000| Untracked 
|  76|0x0000000086c00000, 0x0000000086c00000, 0x0000000086d00000|  0%| F|  |TAMS 0x0000000086c00000, 0x0000000086c00000| Untracked 
|  77|0x0000000086d00000, 0x0000000086d00000, 0x0000000086e00000|  0%| F|  |TAMS 0x0000000086d00000, 0x0000000086d00000| Untracked 
|  78|0x0000000086e00000, 0x0000000086e00000, 0x0000000086f00000|  0%| F|  |TAMS 0x0000000086e00000, 0x0000000086e00000| Untracked 
|  79|0x0000000086f00000, 0x0000000086f00000, 0x0000000087000000|  0%| F|  |TAMS 0x0000000086f00000, 0x0000000086f00000| Untracked 
|  80|0x0000000087000000, 0x0000000087000000, 0x0000000087100000|  0%| F|  |TAMS 0x0000000087000000, 0x0000000087000000| Untracked 
|  81|0x0000000087100000, 0x0000000087100000, 0x0000000087200000|  0%| F|  |TAMS 0x0000000087100000, 0x0000000087100000| Untracked 
|  82|0x0000000087200000, 0x0000000087200000, 0x0000000087300000|  0%| F|  |TAMS 0x0000000087200000, 0x0000000087200000| Untracked 
|  83|0x0000000087300000, 0x0000000087300000, 0x0000000087400000|  0%| F|  |TAMS 0x0000000087300000, 0x0000000087300000| Untracked 
|  84|0x0000000087400000, 0x0000000087400000, 0x0000000087500000|  0%| F|  |TAMS 0x0000000087400000, 0x0000000087400000| Untracked 
|  85|0x0000000087500000, 0x0000000087500000, 0x0000000087600000|  0%| F|  |TAMS 0x0000000087500000, 0x0000000087500000| Untracked 
|  86|0x0000000087600000, 0x0000000087600000, 0x0000000087700000|  0%| F|  |TAMS 0x0000000087600000, 0x0000000087600000| Untracked 
|  87|0x0000000087700000, 0x0000000087700000, 0x0000000087800000|  0%| F|  |TAMS 0x0000000087700000, 0x0000000087700000| Untracked 
|  88|0x0000000087800000, 0x0000000087800000, 0x0000000087900000|  0%| F|  |TAMS 0x0000000087800000, 0x0000000087800000| Untracked 
|  89|0x0000000087900000, 0x0000000087900000, 0x0000000087a00000|  0%| F|  |TAMS 0x0000000087900000, 0x0000000087900000| Untracked 
|  90|0x0000000087a00000, 0x0000000087a00000, 0x0000000087b00000|  0%| F|  |TAMS 0x0000000087a00000, 0x0000000087a00000| Untracked 
|  91|0x0000000087b00000, 0x0000000087b00000, 0x0000000087c00000|  0%| F|  |TAMS 0x0000000087b00000, 0x0000000087b00000| Untracked 
|  92|0x0000000087c00000, 0x0000000087c00000, 0x0000000087d00000|  0%| F|  |TAMS 0x0000000087c00000, 0x0000000087c00000| Untracked 
|  93|0x0000000087d00000, 0x0000000087d00000, 0x0000000087e00000|  0%| F|  |TAMS 0x0000000087d00000, 0x0000000087d00000| Untracked 
|  94|0x0000000087e00000, 0x0000000087e00000, 0x0000000087f00000|  0%| F|  |TAMS 0x0000000087e00000, 0x0000000087e00000| Untracked 
|  95|0x0000000087f00000, 0x0000000087f00000, 0x0000000088000000|  0%| F|  |TAMS 0x0000000087f00000, 0x0000000087f00000| Untracked 
|  96|0x0000000088000000, 0x0000000088000000, 0x0000000088100000|  0%| F|  |TAMS 0x0000000088000000, 0x0000000088000000| Untracked 
|  97|0x0000000088100000, 0x0000000088100000, 0x0000000088200000|  0%| F|  |TAMS 0x0000000088100000, 0x0000000088100000| Untracked 
|  98|0x0000000088200000, 0x0000000088200000, 0x0000000088300000|  0%| F|  |TAMS 0x0000000088200000, 0x0000000088200000| Untracked 
|  99|0x0000000088300000, 0x0000000088300000, 0x0000000088400000|  0%| F|  |TAMS 0x0000000088300000, 0x0000000088300000| Untracked 
| 100|0x0000000088400000, 0x0000000088400000, 0x0000000088500000|  0%| F|  |TAMS 0x0000000088400000, 0x0000000088400000| Untracked 
| 101|0x0000000088500000, 0x0000000088500000, 0x0000000088600000|  0%| F|  |TAMS 0x0000000088500000, 0x0000000088500000| Untracked 
| 102|0x0000000088600000, 0x0000000088600000, 0x0000000088700000|  0%| F|  |TAMS 0x0000000088600000, 0x0000000088600000| Untracked 
| 103|0x0000000088700000, 0x0000000088700000, 0x0000000088800000|  0%| F|  |TAMS 0x0000000088700000, 0x0000000088700000| Untracked 
| 104|0x0000000088800000, 0x0000000088800000, 0x0000000088900000|  0%| F|  |TAMS 0x0000000088800000, 0x0000000088800000| Untracked 
| 105|0x0000000088900000, 0x0000000088900000, 0x0000000088a00000|  0%| F|  |TAMS 0x0000000088900000, 0x0000000088900000| Untracked 
| 106|0x0000000088a00000, 0x0000000088a00000, 0x0000000088b00000|  0%| F|  |TAMS 0x0000000088a00000, 0x0000000088a00000| Untracked 
| 107|0x0000000088b00000, 0x0000000088b00000, 0x0000000088c00000|  0%| F|  |TAMS 0x0000000088b00000, 0x0000000088b00000| Untracked 
| 108|0x0000000088c00000, 0x0000000088c00000, 0x0000000088d00000|  0%| F|  |TAMS 0x0000000088c00000, 0x0000000088c00000| Untracked 
| 109|0x0000000088d00000, 0x0000000088d00000, 0x0000000088e00000|  0%| F|  |TAMS 0x0000000088d00000, 0x0000000088d00000| Untracked 
| 110|0x0000000088e00000, 0x0000000088e00000, 0x0000000088f00000|  0%| F|  |TAMS 0x0000000088e00000, 0x0000000088e00000| Untracked 
| 111|0x0000000088f00000, 0x0000000088f00000, 0x0000000089000000|  0%| F|  |TAMS 0x0000000088f00000, 0x0000000088f00000| Untracked 
| 112|0x0000000089000000, 0x0000000089000000, 0x0000000089100000|  0%| F|  |TAMS 0x0000000089000000, 0x0000000089000000| Untracked 
| 113|0x0000000089100000, 0x0000000089100000, 0x0000000089200000|  0%| F|  |TAMS 0x0000000089100000, 0x0000000089100000| Untracked 
| 114|0x0000000089200000, 0x0000000089200000, 0x0000000089300000|  0%| F|  |TAMS 0x0000000089200000, 0x0000000089200000| Untracked 
| 115|0x0000000089300000, 0x0000000089300000, 0x0000000089400000|  0%| F|  |TAMS 0x0000000089300000, 0x0000000089300000| Untracked 
| 116|0x0000000089400000, 0x0000000089400000, 0x0000000089500000|  0%| F|  |TAMS 0x0000000089400000, 0x0000000089400000| Untracked 
| 117|0x0000000089500000, 0x0000000089500000, 0x0000000089600000|  0%| F|  |TAMS 0x0000000089500000, 0x0000000089500000| Untracked 
| 118|0x0000000089600000, 0x0000000089600000, 0x0000000089700000|  0%| F|  |TAMS 0x0000000089600000, 0x0000000089600000| Untracked 
| 119|0x0000000089700000, 0x0000000089700000, 0x0000000089800000|  0%| F|  |TAMS 0x0000000089700000, 0x0000000089700000| Untracked 
| 120|0x0000000089800000, 0x0000000089800000, 0x0000000089900000|  0%| F|  |TAMS 0x0000000089800000, 0x0000000089800000| Untracked 
| 121|0x0000000089900000, 0x0000000089900000, 0x0000000089a00000|  0%| F|  |TAMS 0x0000000089900000, 0x0000000089900000| Untracked 
| 122|0x0000000089a00000, 0x0000000089a00800, 0x0000000089b00000|  0%| E|  |TAMS 0x0000000089a00000, 0x0000000089a00000| Complete 
| 123|0x0000000089b00000, 0x0000000089c00000, 0x0000000089c00000|100%| E|CS|TAMS 0x0000000089b00000, 0x0000000089b00000| Complete 
| 124|0x0000000089c00000, 0x0000000089d00000, 0x0000000089d00000|100%| E|CS|TAMS 0x0000000089c00000, 0x0000000089c00000| Complete 
| 125|0x0000000089d00000, 0x0000000089e00000, 0x0000000089e00000|100%| E|CS|TAMS 0x0000000089d00000, 0x0000000089d00000| Complete 

Card table byte_map: [0x0000017f7d030000,0x0000017f7d420000] _byte_map_base: 0x0000017f7cc20000

Marking Bits (Prev, Next): (CMBitMap*) 0x0000017f7cb9ac00, (CMBitMap*) 0x0000017f7cb9ac40
 Prev Bits: [0x0000017f7d810000, 0x0000017f7f790000)
 Next Bits: [0x0000017f16720000, 0x0000017f186a0000)

Polling page: 0x0000017f7a940000

Metaspace:

Usage:
  Non-class:    907.54 KB used.
      Class:     75.45 KB used.
       Both:    982.99 KB used.

Virtual space:
  Non-class space:        8.00 MB reserved,       1.00 MB ( 12%) committed,  1 nodes.
      Class space:        1.00 GB reserved,     128.00 KB ( <1%) committed,  1 nodes.
             Both:        1.01 GB reserved,       1.12 MB ( <1%) committed. 

Chunk freelists:
   Non-Class:  3.93 MB
       Class:  3.72 MB
        Both:  7.65 MB

MaxMetaspaceSize: unlimited
CompressedClassSpaceSize: 1.00 GB
Initial GC threshold: 21.00 MB
Current GC threshold: 21.00 MB
CDS: on
MetaspaceReclaimPolicy: balanced
 - commit_granule_bytes: 65536.
 - commit_granule_words: 8192.
 - virtual_space_node_default_size: 1048576.
 - enlarge_chunks_in_place: 1.
 - new_chunks_are_fully_committed: 0.
 - uncommit_free_chunks: 1.
 - use_allocation_guard: 0.
 - handle_deallocations: 1.


Internal statistics:

num_allocs_failed_limit: 0.
num_arena_births: 44.
num_arena_deaths: 0.
num_vsnodes_births: 2.
num_vsnodes_deaths: 0.
num_space_committed: 18.
num_space_uncommitted: 0.
num_chunks_returned_to_freelist: 0.
num_chunks_taken_from_freelist: 55.
num_chunk_merges: 0.
num_chunk_splits: 33.
num_chunks_enlarged: 17.
num_purges: 0.
num_inconsistent_stats: 0.

CodeHeap 'non-profiled nmethods': size=120000Kb used=120Kb max_used=120Kb free=119879Kb
 bounds [0x0000017f0f1f0000, 0x0000017f0f460000, 0x0000017f16720000]
CodeHeap 'profiled nmethods': size=120000Kb used=445Kb max_used=445Kb free=119555Kb
 bounds [0x0000017f07cc0000, 0x0000017f07f30000, 0x0000017f0f1f0000]
CodeHeap 'non-nmethods': size=5760Kb used=1133Kb max_used=1147Kb free=4626Kb
 bounds [0x0000017f07720000, 0x0000017f07990000, 0x0000017f07cc0000]
 total_blobs=768 nmethods=349 adapters=332
 compilation: enabled
              stopped_count=0, restarted_count=0
 full_count=0

Compilation events (20 events):
Event: 0.397 Thread 0x0000017f7fc07930 nmethod 340 0x0000017f07d27a90 code [0x0000017f07d27c40, 0x0000017f07d27f18]
Event: 0.397 Thread 0x0000017f7fc07930  341       3       java.lang.String::getBytes (44 bytes)
Event: 0.397 Thread 0x0000017f7fc07930 nmethod 341 0x0000017f07d28010 code [0x0000017f07d281e0, 0x0000017f07d284d8]
Event: 0.397 Thread 0x0000017f7fc07930  343       3       java.util.Arrays::copyOf (19 bytes)
Event: 0.397 Thread 0x0000017f7fc06e90  344       4       java.lang.String::length (11 bytes)
Event: 0.397 Thread 0x0000017f7fc07930 nmethod 343 0x0000017f07d28610 code [0x0000017f07d287c0, 0x0000017f07d28aa8]
Event: 0.397 Thread 0x0000017f7fc07930  342       3       java.lang.StringConcatHelper::prepend (37 bytes)
Event: 0.397 Thread 0x0000017f7fc07930 nmethod 342 0x0000017f07d28c10 code [0x0000017f07d28de0, 0x0000017f07d290b8]
Event: 0.397 Thread 0x0000017f7fc07930  345       3       java.lang.invoke.DirectMethodHandle::internalMemberName (8 bytes)
Event: 0.397 Thread 0x0000017f7fc07930 nmethod 345 0x0000017f07d29210 code [0x0000017f07d293a0, 0x0000017f07d29598]
Event: 0.397 Thread 0x0000017f7fc06e90 nmethod 344 0x0000017f0f20da90 code [0x0000017f0f20dc00, 0x0000017f0f20dc98]
Event: 0.397 Thread 0x0000017f7fc07930  347       3       java.lang.AbstractStringBuilder::newCapacity (59 bytes)
Event: 0.398 Thread 0x0000017f7fc07930 nmethod 347 0x0000017f07d29690 code [0x0000017f07d29860, 0x0000017f07d29c58]
Event: 0.398 Thread 0x0000017f7fc07930  346       3       java.lang.StringConcatHelper::checkOverflow (17 bytes)
Event: 0.398 Thread 0x0000017f7fc07930 nmethod 346 0x0000017f07d29e10 code [0x0000017f07d29fc0, 0x0000017f07d2a1a8]
Event: 0.398 Thread 0x0000017f7fc07930  348 %     3       ShoppingCart::main @ 259 (289 bytes)
Event: 0.400 Thread 0x0000017f7fc07930 nmethod 348% 0x0000017f07d2a290 code [0x0000017f07d2a800, 0x0000017f07d2e058]
Event: 0.400 Thread 0x0000017f7fc06e90  349 %     4       ShoppingCart::main @ 259 (289 bytes)
Event: 0.401 Thread 0x0000017f7fc06e90 nmethod 349% 0x0000017f0f20dd90 code [0x0000017f0f20df20, 0x0000017f0f20dfd8]
Event: 0.401 Thread 0x0000017f7fc06e90  350       4       ShoppingCart::main (289 bytes)

GC Heap History (0 events):
No events

Deoptimization events (2 events):
Event: 0.401 Thread 0x0000017f7cb60450 DEOPT PACKING pc=0x0000017f07d2dea3 sp=0x00000049e13ff1c0
Event: 0.401 Thread 0x0000017f7cb60450 DEOPT UNPACKING pc=0x0000017f07772b43 sp=0x00000049e13fe700 mode 0

Classes unloaded (0 events):
No events

Classes redefined (0 events):
No events

Internal exceptions (3 events):
Event: 0.340 Thread 0x0000017f7fc08df0 Exception <a 'java/lang/NoSuchMethodError'{0x0000000089cccaa8}: 'java.lang.Object java.lang.invoke.DirectMethodHandle$Holder.invokeStaticInit(java.lang.Object)'> (0x0000000089cccaa8) 
thrown [t:\workspace\open\src\hotspot\share\interpreter\linkResolver.cpp, line 766]
Event: 0.351 Thread 0x0000017f7fc08df0 Exception <a 'java/lang/NoSuchMethodError'{0x0000000089cda860}: 'void java.lang.invoke.DirectMethodHandle$Holder.invokeStatic(java.lang.Object, java.lang.Object)'> (0x0000000089cda860) 
thrown [t:\workspace\open\src\hotspot\share\interpreter\linkResolver.cpp, line 766]
Event: 0.395 Thread 0x0000017f7cb60450 Exception <a 'java/lang/NoSuchMethodError'{0x0000000089bb64a0}: 'java.lang.Object java.lang.invoke.DirectMethodHandle$Holder.invokeSpecial(java.lang.Object, java.lang.Object, int, java.lang.Object, double)'> (0x0000000089bb64a0) 
thrown [t:\workspace\open\src\hotspot\share\interpreter\linkResolver.cpp, line 766]

VM Operations (4 events):
Event: 0.229 Executing VM operation: HandshakeAllThreads
Event: 0.229 Executing VM operation: HandshakeAllThreads done
Event: 0.336 Executing VM operation: HandshakeAllThreads
Event: 0.336 Executing VM operation: HandshakeAllThreads done

Events (20 events):
Event: 0.359 loading class sun/nio/cs/US_ASCII$Decoder done
Event: 0.359 loading class sun/nio/ch/Util
Event: 0.359 loading class sun/nio/ch/Util done
Event: 0.359 loading class sun/nio/ch/Util$1
Event: 0.359 loading class sun/nio/ch/Util$1 done
Event: 0.359 loading class sun/nio/ch/Util$BufferCache
Event: 0.359 loading class sun/nio/ch/Util$BufferCache done
Event: 0.359 loading class java/nio/DirectByteBuffer$Deallocator
Event: 0.359 loading class java/nio/DirectByteBuffer$Deallocator done
Event: 0.360 loading class jdk/internal/module/ModulePatcher$PatchedModuleReader
Event: 0.360 loading class jdk/internal/module/ModulePatcher$PatchedModuleReader done
Event: 0.361 Loaded shared library C:\Users\Shawn\.jdks\openjdk-17\bin\jimage.dll
Event: 0.361 loading class sun/net/www/protocol/jrt/Handler
Event: 0.361 loading class sun/net/www/protocol/jrt/Handler done
Event: 0.365 loading class sun/text/resources/cldr/FormatData_en
Event: 0.366 loading class sun/text/resources/cldr/FormatData_en done
Event: 0.366 loading class sun/text/resources/cldr/FormatData_en_US
Event: 0.366 loading class sun/text/resources/cldr/FormatData_en_US done
Event: 0.396 loading class jdk/internal/math/FDBigInteger
Event: 0.396 loading class jdk/internal/math/FDBigInteger done


Dynamic libraries:
0x00007ff792700000 - 0x00007ff79270e000 	C:\Users\Shawn\.jdks\openjdk-17\bin\java.exe
0x00007ffbbf410000 - 0x00007ffbbf605000 	C:\WINDOWS\SYSTEM32\ntdll.dll
0x00007ffbbf190000 - 0x00007ffbbf24e000 	C:\WINDOWS\System32\KERNEL32.DLL
0x00007ffbbd090000 - 0x00007ffbbd358000 	C:\WINDOWS\System32\KERNELBASE.dll
0x00007ffbbd360000 - 0x00007ffbbd460000 	C:\WINDOWS\System32\ucrtbase.dll
0x00007ffbb7bc0000 - 0x00007ffbb7bd8000 	C:\Users\Shawn\.jdks\openjdk-17\bin\jli.dll
0x00007ffbbd830000 - 0x00007ffbbd9d0000 	C:\WINDOWS\System32\USER32.dll
0x00007ffbbcb20000 - 0x00007ffbbcb42000 	C:\WINDOWS\System32\win32u.dll
0x00007ffbbdf00000 - 0x00007ffbbdf2b000 	C:\WINDOWS\System32\GDI32.dll
0x00007ffbbcbc0000 - 0x00007ffbbcccd000 	C:\WINDOWS\System32\gdi32full.dll
0x00007ffbbcd50000 - 0x00007ffbbcded000 	C:\WINDOWS\System32\msvcp_win.dll
0x00007ffbb7ba0000 - 0x00007ffbb7bba000 	C:\Users\Shawn\.jdks\openjdk-17\bin\VCRUNTIME140.dll
0x00007ffbb0b80000 - 0x00007ffbb0e1a000 	C:\WINDOWS\WinSxS\amd64_microsoft.windows.common-controls_6595b64144ccf1df_6.0.19041.1110_none_60b5254171f9507e\COMCTL32.dll
0x00007ffbbd9d0000 - 0x00007ffbbda6e000 	C:\WINDOWS\System32\msvcrt.dll
0x00007ffbbde60000 - 0x00007ffbbde90000 	C:\WINDOWS\System32\IMM32.DLL
0x00007ffbb69b0000 - 0x00007ffbb69bc000 	C:\Users\Shawn\.jdks\openjdk-17\bin\vcruntime140_1.dll
0x00007ffba4cf0000 - 0x00007ffba4d7d000 	C:\Users\Shawn\.jdks\openjdk-17\bin\msvcp140.dll
0x00007ffb56f50000 - 0x00007ffb57b0e000 	C:\Users\Shawn\.jdks\openjdk-17\bin\server\jvm.dll
0x00007ffbbe800000 - 0x00007ffbbe8ae000 	C:\WINDOWS\System32\ADVAPI32.dll
0x00007ffbbda70000 - 0x00007ffbbdb0c000 	C:\WINDOWS\System32\sechost.dll
0x00007ffbbd670000 - 0x00007ffbbd795000 	C:\WINDOWS\System32\RPCRT4.dll
0x00007ffbbf070000 - 0x00007ffbbf078000 	C:\WINDOWS\System32\PSAPI.DLL
0x00007ffba7d10000 - 0x00007ffba7d19000 	C:\WINDOWS\SYSTEM32\WSOCK32.dll
0x00007ffbbf000000 - 0x00007ffbbf06b000 	C:\WINDOWS\System32\WS2_32.dll
0x00007ffbb0140000 - 0x00007ffbb0167000 	C:\WINDOWS\SYSTEM32\WINMM.dll
0x00007ffbb5000000 - 0x00007ffbb500a000 	C:\WINDOWS\SYSTEM32\VERSION.dll
0x00007ffbbb610000 - 0x00007ffbbb622000 	C:\WINDOWS\SYSTEM32\kernel.appcore.dll
0x00007ffbb2a40000 - 0x00007ffbb2a4a000 	C:\Users\Shawn\.jdks\openjdk-17\bin\jimage.dll
0x00007ffbbb0e0000 - 0x00007ffbbb2c4000 	C:\WINDOWS\SYSTEM32\DBGHELP.DLL
0x00007ffba1b70000 - 0x00007ffba1b9c000 	C:\WINDOWS\SYSTEM32\dbgcore.DLL
0x00007ffbbcdf0000 - 0x00007ffbbce72000 	C:\WINDOWS\System32\bcryptPrimitives.dll
0x00007ffbb2a30000 - 0x00007ffbb2a3e000 	C:\Users\Shawn\.jdks\openjdk-17\bin\instrument.dll
0x00007ffba4cc0000 - 0x00007ffba4ce5000 	C:\Users\Shawn\.jdks\openjdk-17\bin\java.dll
0x00007ffba2050000 - 0x00007ffba2126000 	C:\Users\Shawn\.jdks\openjdk-17\bin\svml.dll
0x00007ffbbe8b0000 - 0x00007ffbbeff4000 	C:\WINDOWS\System32\SHELL32.dll
0x00007ffbba840000 - 0x00007ffbbafd4000 	C:\WINDOWS\SYSTEM32\windows.storage.dll
0x00007ffbbe020000 - 0x00007ffbbe375000 	C:\WINDOWS\System32\combase.dll
0x00007ffbbc4a0000 - 0x00007ffbbc4ce000 	C:\WINDOWS\SYSTEM32\Wldp.dll
0x00007ffbbf250000 - 0x00007ffbbf2fd000 	C:\WINDOWS\System32\SHCORE.dll
0x00007ffbbde00000 - 0x00007ffbbde55000 	C:\WINDOWS\System32\shlwapi.dll
0x00007ffbbca60000 - 0x00007ffbbca7f000 	C:\WINDOWS\SYSTEM32\profapi.dll
0x00007ffba4c60000 - 0x00007ffba4c78000 	C:\Users\Shawn\.jdks\openjdk-17\bin\zip.dll
0x00007ffba4ca0000 - 0x00007ffba4cb9000 	C:\Users\Shawn\.jdks\openjdk-17\bin\net.dll
0x00007ffbb4310000 - 0x00007ffbb441c000 	C:\WINDOWS\SYSTEM32\WINHTTP.dll
0x00007ffbbc200000 - 0x00007ffbbc26a000 	C:\WINDOWS\system32\mswsock.dll
0x00007ffba4c80000 - 0x00007ffba4c95000 	C:\Users\Shawn\.jdks\openjdk-17\bin\nio.dll
0x00007ffba21a0000 - 0x00007ffba21ba000 	C:\Program Files\JetBrains\IntelliJ IDEA Community Edition 2021.2.2\bin\breakgen64.dll

dbghelp: loaded successfully - version: 4.0.5 - missing functions: none
symbol engine: initialized successfully - sym options: 0x614 - pdb path: .;C:\Users\Shawn\.jdks\openjdk-17\bin;C:\WINDOWS\SYSTEM32;C:\WINDOWS\WinSxS\amd64_microsoft.windows.common-controls_6595b64144ccf1df_6.0.19041.1110_none_60b5254171f9507e;C:\Users\Shawn\.jdks\openjdk-17\bin\server;C:\Program Files\JetBrains\IntelliJ IDEA Community Edition 2021.2.2\bin

VM Arguments:
jvm_args: -javaagent:C:\Program Files\JetBrains\IntelliJ IDEA Community Edition 2021.2.2\lib\idea_rt.jar=51199:C:\Program Files\JetBrains\IntelliJ IDEA Community Edition 2021.2.2\bin -Dfile.encoding=UTF-8 
java_command: ShoppingCart
java_class_path (initial): C:\Users\Shawn\IdeaProjects\ShoppingCart\out\production\ShoppingCart
Launcher Type: SUN_STANDARD

[Global flags]
     intx CICompilerCount                          = 3                                         {product} {ergonomic}
     uint ConcGCThreads                            = 1                                         {product} {ergonomic}
     uint G1ConcRefinementThreads                  = 4                                         {product} {ergonomic}
   size_t G1HeapRegionSize                         = 1048576                                   {product} {ergonomic}
    uintx GCDrainStackTargetSize                   = 64                                        {product} {ergonomic}
   size_t InitialHeapSize                          = 132120576                                 {product} {ergonomic}
   size_t MarkStackSize                            = 4194304                                   {product} {ergonomic}
   size_t MaxHeapSize                              = 2113929216                                {product} {ergonomic}
   size_t MaxNewSize                               = 1267728384                                {product} {ergonomic}
   size_t MinHeapDeltaBytes                        = 1048576                                   {product} {ergonomic}
   size_t MinHeapSize                              = 8388608                                   {product} {ergonomic}
    uintx NonNMethodCodeHeapSize                   = 5832780                                {pd product} {ergonomic}
    uintx NonProfiledCodeHeapSize                  = 122912730                              {pd product} {ergonomic}
    uintx ProfiledCodeHeapSize                     = 122912730                              {pd product} {ergonomic}
    uintx ReservedCodeCacheSize                    = 251658240                              {pd product} {ergonomic}
     bool SegmentedCodeCache                       = true                                      {product} {ergonomic}
   size_t SoftMaxHeapSize                          = 2113929216                             {manageable} {ergonomic}
     bool UseCompressedClassPointers               = true                           {product lp64_product} {ergonomic}
     bool UseCompressedOops                        = true                           {product lp64_product} {ergonomic}
     bool UseG1GC                                  = true                                      {product} {ergonomic}
     bool UseLargePagesIndividualAllocation        = false                                  {pd product} {ergonomic}

Logging:
Log output configuration:
 #0: stdout all=warning uptime,level,tags
 #1: stderr all=off uptime,level,tags

Environment Variables:
PATH=C:\Windows\system32;C:\Windows;C:\Windows\System32\Wbem;C:\Windows\System32\WindowsPowerShell\v1.0\;C:\Program Files (x86)\NVIDIA Corporation\PhysX\Common;C:\WINDOWS\system32;C:\WINDOWS;C:\WINDOWS\System32\Wbem;C:\WINDOWS\System32\WindowsPowerShell\v1.0\;C:\WINDOWS\System32\OpenSSH\;C:\Program Files\Intel\WiFi\bin\;C:\Program Files\Common Files\Intel\WirelessCommon\;C:\Program Files\NVIDIA Corporation\NVIDIA NvDLISR;C:\Program Files (x86)\Intel\Intel(R) Management Engine Components\DAL;C:\Program Files\Intel\Intel(R) Management Engine Components\DAL;C:\WINDOWS\system32;C:\WINDOWS;C:\WINDOWS\System32\Wbem;C:\WINDOWS\System32\WindowsPowerShell\v1.0\;C:\WINDOWS\System32\OpenSSH\;S:\Git\cmd;C:\Users\Shawn\AppData\Local\Microsoft\WindowsApps;
USERNAME=Shawn
OS=Windows_NT
PROCESSOR_IDENTIFIER=Intel64 Family 6 Model 158 Stepping 9, GenuineIntel



---------------  S Y S T E M  ---------------

OS:
 Windows 10 , 64 bit Build 19041 (10.0.19041.1503)
OS uptime: 0 days 1:30 hours

CPU: total 4 (initial active 4) (4 cores per cpu, 1 threads per core) family 6 model 158 stepping 9 microcode 0xb4, cx8, cmov, fxsr, mmx, 3dnowpref, sse, sse2, sse3, ssse3, sse4.1, sse4.2, popcnt, lzcnt, tsc, tscinvbit, avx, avx2, aes, erms, clmul, bmi1, bmi2, adx, fma, vzeroupper, clflush, clflushopt

Memory: 4k page, system-wide physical 8058M (1794M free)
TotalPageFile size 14970M (AvailPageFile size 5695M)
current process WorkingSet (physical memory assigned to process): 37M, peak: 37M
current process commit charge ("private bytes"): 202M, peak: 202M

vm_info: OpenJDK 64-Bit Server VM (17+35-2724) for windows-amd64 JRE (17+35-2724), built on Aug  5 2021 23:26:02 by "mach5one" with MS VC++ 16.8 (VS2019)

END.
