#
# A fatal error has been detected by the Java Runtime Environment:
#
#  EXCEPTION_ACCESS_VIOLATION (0xc0000005) at pc=0x00007ffb8002fb6b, pid=2624, tid=12792
#
# JRE version: OpenJDK Runtime Environment (17.0+35) (build 17+35-2724)
# Java VM: OpenJDK 64-Bit Server VM (17+35-2724, mixed mode, sharing, tiered, compressed oops, compressed class ptrs, g1 gc, windows-amd64)
# Problematic frame:
# V  [jvm.dll+0x64fb6b]
#
# No core dump will be written. Minidumps are not enabled by default on client versions of Windows
#
# If you would like to submit a bug report, please visit:
#   https://bugreport.java.com/bugreport/crash.jsp
#

---------------  S U M M A R Y ------------

Command Line: -javaagent:C:\Program Files\JetBrains\IntelliJ IDEA Community Edition 2021.2.2\lib\idea_rt.jar=50195:C:\Program Files\JetBrains\IntelliJ IDEA Community Edition 2021.2.2\bin -Dfile.encoding=UTF-8 ShoppingCart

Host: Intel(R) Core(TM) i5-7300HQ CPU @ 2.50GHz, 4 cores, 7G,  Windows 10 , 64 bit Build 19041 (10.0.19041.1503)
Time: Tue Feb 22 16:50:47 2022 Central Standard Time elapsed time: 0.197962 seconds (0d 0h 0m 0s)

---------------  T H R E A D  ---------------

Current thread (0x000002b36307a0f0):  JavaThread "C2 CompilerThread0" daemon [_thread_in_native, id=12792, stack(0x000000f196000000,0x000000f196100000)]


Current CompileTask:
C2:    198  299       4       ShoppingCart::main (302 bytes)

Stack: [0x000000f196000000,0x000000f196100000],  sp=0x000000f1960fac90,  free space=1003k
Native frames: (J=compiled Java code, j=interpreted, Vv=VM code, C=native code)
V  [jvm.dll+0x64fb6b]
V  [jvm.dll+0x566abc]
V  [jvm.dll+0x57aaf0]
V  [jvm.dll+0x57c265]
V  [jvm.dll+0x578959]
V  [jvm.dll+0x21de2d]
V  [jvm.dll+0x217651]
V  [jvm.dll+0x214fb5]
V  [jvm.dll+0x1a168d]
V  [jvm.dll+0x2248f8]
V  [jvm.dll+0x222a5c]
V  [jvm.dll+0x78422b]
V  [jvm.dll+0x77e7ea]
V  [jvm.dll+0x66e715]
C  [ucrtbase.dll+0x21bb2]
C  [KERNEL32.DLL+0x17034]
C  [ntdll.dll+0x52651]


siginfo: EXCEPTION_ACCESS_VIOLATION (0xc0000005), reading address 0x0000000000000020


Register to memory mapping:

RIP=0x00007ffb8002fb6b jvm.dll
RAX=0x0 is NULL
RBX=0x0 is NULL
RCX=0x0 is NULL
RDX=0x0000000000000001 is an unknown value
RSP=0x000000f1960fac90 is pointing into the stack for thread: 0x000002b36307a0f0
RBP=0x0 is NULL
RSI=0x0 is NULL
RDI=0x000002b363cdf4a0 points into unknown readable memory: 0x00007ffb80290f88 | 88 0f 29 80 fb 7f 00 00
R8 =0x000002b363cdf4a0 points into unknown readable memory: 0x00007ffb80290f88 | 88 0f 29 80 fb 7f 00 00
R9 =0x000002b363cdf488 points into unknown readable memory: 0x000002b363cdf4a0 | a0 f4 cd 63 b3 02 00 00
R10=0xfefefefefefefeff is an unknown value
R11=0x8080808080808080 is an unknown value
R12=0x0000000000000001 is an unknown value
R13=0x000002b363cdfb70 points into unknown readable memory: 0x00007ffb802a5ba0 | a0 5b 2a 80 fb 7f 00 00
R14=0x000000f1960fb140 is pointing into the stack for thread: 0x000002b36307a0f0
R15=0x0 is NULL


Registers:
RAX=0x0000000000000000, RBX=0x0000000000000000, RCX=0x0000000000000000, RDX=0x0000000000000001
RSP=0x000000f1960fac90, RBP=0x0000000000000000, RSI=0x0000000000000000, RDI=0x000002b363cdf4a0
R8 =0x000002b363cdf4a0, R9 =0x000002b363cdf488, R10=0xfefefefefefefeff, R11=0x8080808080808080
R12=0x0000000000000001, R13=0x000002b363cdfb70, R14=0x000000f1960fb140, R15=0x0000000000000000
RIP=0x00007ffb8002fb6b, EFLAGS=0x0000000000010246

Top of Stack: (sp=0x000000f1960fac90)
0x000000f1960fac90:   000002b363ce0840 00007ffb8019796e
0x000000f1960faca0:   000002b363cdfb70 00007ffb8001e607
0x000000f1960facb0:   000002b363cdf4a0 00007ffb7ff46abc
0x000000f1960facc0:   000000f1960fad60 000002b363cdf3c8
0x000000f1960facd0:   000000f1960fad60 00007ffb7ff4695c
0x000000f1960face0:   0000000000000000 0000000000020300
0x000000f1960facf0:   000002b343a1a700 000002b363cdff50
0x000000f1960fad00:   000002b363cab3f0 00007ffb7ff5aaf0
0x000000f1960fad10:   000000f1960fb140 000000f1960fad60
0x000000f1960fad20:   000000f1960fb140 000002b363cdff50
0x000000f1960fad30:   000002b363c5f428 00007ffb7ff5c265
0x000000f1960fad40:   0000000000000001 0000000000000000
0x000000f1960fad50:   000000f1960faec0 000002b363102a50
0x000000f1960fad60:   000002b363075d40 00007ffb00000004
0x000000f1960fad70:   000002b363ca43b0 0000000000000003
0x000000f1960fad80:   000002b300000020 000002b363ca43e0 

Instructions: (pc=0x00007ffb8002fb6b)
0x00007ffb8002fa6b:   f8 75 f6 ff c9 41 89 4a 20 48 8b 14 ca 48 89 10
0x00007ffb8002fa7b:   41 8b d3 49 8b c9 e9 aa d8 ff ff c3 cc cc cc cc
0x00007ffb8002fa8b:   cc cc cc cc cc 48 89 5c 24 08 57 48 83 ec 20 65
0x00007ffb8002fa9b:   48 8b 04 25 58 00 00 00 48 8b d9 8b 15 cc 7e 4d
0x00007ffb8002faab:   00 48 8b 3c d0 b8 48 00 00 00 80 3c 38 00 75 05
0x00007ffb8002fabb:   e8 9c a2 1d 00 b8 18 00 00 00 48 8b 04 38 48 8b
0x00007ffb8002facb:   88 d0 04 00 00 48 8b 81 80 00 00 00 48 3b 98 d0
0x00007ffb8002fadb:   02 00 00 75 15 33 c0 48 89 43 20 48 89 43 10 48
0x00007ffb8002faeb:   8b 5c 24 30 48 83 c4 20 5f c3 48 83 7b 10 00 75
0x00007ffb8002fafb:   08 48 c7 43 10 ff ff ff ff 48 8b 5c 24 30 48 83
0x00007ffb8002fb0b:   c4 20 5f c3 cc 8b 41 2c 83 e0 1f 3c 14 75 2d 66
0x00007ffb8002fb1b:   0f 1f 44 00 00 83 79 18 02 75 21 8b 41 2c 83 e0
0x00007ffb8002fb2b:   1f 3c 14 75 17 84 d2 74 06 83 79 40 00 75 0d 48
0x00007ffb8002fb3b:   8b 41 08 48 8b 48 08 48 85 c9 75 d9 48 8b c1 c3
0x00007ffb8002fb4b:   cc cc cc cc cc 48 89 5c 24 08 48 89 6c 24 10 48
0x00007ffb8002fb5b:   89 74 24 18 57 48 83 ec 20 33 ed 48 8b f1 8b dd
0x00007ffb8002fb6b:   39 59 20 76 2b 48 8b 46 10 8b d3 48 8b 3c d0 48
0x00007ffb8002fb7b:   8b cf 48 8b 07 ff 50 10 84 c0 74 0d 48 3b fe 74
0x00007ffb8002fb8b:   08 48 85 ed 75 22 48 8b ef ff c3 3b 5e 20 72 d5
0x00007ffb8002fb9b:   48 8b c5 48 8b 5c 24 30 48 8b 6c 24 38 48 8b 74
0x00007ffb8002fbab:   24 40 48 83 c4 20 5f c3 33 c0 eb e7 cc cc cc cc
0x00007ffb8002fbbb:   cc cc cc cc cc 44 8b 49 18 33 c0 45 85 c9 74 25
0x00007ffb8002fbcb:   4c 8b 51 10 90 44 8b c0 49 39 14 c2 74 08 ff c0
0x00007ffb8002fbdb:   41 3b c1 72 f0 c3 41 8d 41 ff 89 41 18 49 8b 0c
0x00007ffb8002fbeb:   c2 4b 89 0c c2 c3 cc cc cc cc cc cc cc cc cc cc
0x00007ffb8002fbfb:   cc cc cc cc cc b8 02 00 00 00 f0 0f c1 05 cb e0
0x00007ffb8002fc0b:   4a 00 83 c0 02 89 01 48 8b 05 b7 e0 4a 00 48 89
0x00007ffb8002fc1b:   41 08 48 8b c1 c3 cc cc cc cc cc cc cc cc cc cc
0x00007ffb8002fc2b:   cc cc cc cc cc 40 53 48 83 ec 20 48 8b d9 e8 32
0x00007ffb8002fc3b:   df 12 00 33 c9 c7 83 90 02 00 00 ff ff ff ff 48
0x00007ffb8002fc4b:   8d 05 ef cf 2e 00 48 89 8b 80 02 00 00 48 89 03
0x00007ffb8002fc5b:   48 8d 05 c6 d0 2e 00 48 89 03 48 8b c3 48 89 8b 


Stack slot to memory mapping:
stack at sp + 0 slots: 0x000002b363ce0840 points into unknown readable memory: 0x00007ffb802d9610 | 10 96 2d 80 fb 7f 00 00
stack at sp + 1 slots: 0x00007ffb8019796e jvm.dll
stack at sp + 2 slots: 0x000002b363cdfb70 points into unknown readable memory: 0x00007ffb802a5ba0 | a0 5b 2a 80 fb 7f 00 00
stack at sp + 3 slots: 0x00007ffb8001e607 jvm.dll
stack at sp + 4 slots: 0x000002b363cdf4a0 points into unknown readable memory: 0x00007ffb80290f88 | 88 0f 29 80 fb 7f 00 00
stack at sp + 5 slots: 0x00007ffb7ff46abc jvm.dll
stack at sp + 6 slots: 0x000000f1960fad60 is pointing into the stack for thread: 0x000002b36307a0f0
stack at sp + 7 slots: 0x000002b363cdf3c8 points into unknown readable memory: 0x00007ffb80290d10 | 10 0d 29 80 fb 7f 00 00


---------------  P R O C E S S  ---------------

Threads class SMR info:
_java_thread_list=0x000002b363ccbc80, length=13, elements={
0x000002b343a1b880, 0x000002b363064db0, 0x000002b363066ad0, 0x000002b3630776f0,
0x000002b3630780b0, 0x000002b363078a60, 0x000002b363079410, 0x000002b36307a0f0,
0x000002b3630dae20, 0x000002b3630e6d30, 0x000002b36312e960, 0x000002b363cc10d0,
0x000002b363cc15a0
}

Java Threads: ( => current thread )
  0x000002b343a1b880 JavaThread "main" [_thread_in_Java, id=7268, stack(0x000000f195300000,0x000000f195400000)]
  0x000002b363064db0 JavaThread "Reference Handler" daemon [_thread_blocked, id=12144, stack(0x000000f195a00000,0x000000f195b00000)]
  0x000002b363066ad0 JavaThread "Finalizer" daemon [_thread_blocked, id=3116, stack(0x000000f195b00000,0x000000f195c00000)]
  0x000002b3630776f0 JavaThread "Signal Dispatcher" daemon [_thread_blocked, id=7560, stack(0x000000f195c00000,0x000000f195d00000)]
  0x000002b3630780b0 JavaThread "Attach Listener" daemon [_thread_blocked, id=12860, stack(0x000000f195d00000,0x000000f195e00000)]
  0x000002b363078a60 JavaThread "Service Thread" daemon [_thread_blocked, id=4284, stack(0x000000f195e00000,0x000000f195f00000)]
  0x000002b363079410 JavaThread "Monitor Deflation Thread" daemon [_thread_blocked, id=11996, stack(0x000000f195f00000,0x000000f196000000)]
=>0x000002b36307a0f0 JavaThread "C2 CompilerThread0" daemon [_thread_in_native, id=12792, stack(0x000000f196000000,0x000000f196100000)]
  0x000002b3630dae20 JavaThread "C1 CompilerThread0" daemon [_thread_blocked, id=10788, stack(0x000000f196100000,0x000000f196200000)]
  0x000002b3630e6d30 JavaThread "Sweeper thread" daemon [_thread_blocked, id=9724, stack(0x000000f196200000,0x000000f196300000)]
  0x000002b36312e960 JavaThread "Common-Cleaner" daemon [_thread_blocked, id=2744, stack(0x000000f196300000,0x000000f196400000)]
  0x000002b363cc10d0 JavaThread "Monitor Ctrl-Break" daemon [_thread_in_native, id=3796, stack(0x000000f196400000,0x000000f196500000)]
  0x000002b363cc15a0 JavaThread "Notification Thread" daemon [_thread_blocked, id=12928, stack(0x000000f196500000,0x000000f196600000)]

Other Threads:
  0x000002b36305eda0 VMThread "VM Thread" [stack: 0x000000f195900000,0x000000f195a00000] [id=12768]
  0x000002b343a77350 WatcherThread [stack: 0x000000f196600000,0x000000f196700000] [id=2864]
  0x000002b343a5a9d0 GCTaskThread "GC Thread#0" [stack: 0x000000f195400000,0x000000f195500000] [id=6328]
  0x000002b343a6b510 ConcurrentGCThread "G1 Main Marker" [stack: 0x000000f195500000,0x000000f195600000] [id=6572]
  0x000002b343a6c6c0 ConcurrentGCThread "G1 Conc#0" [stack: 0x000000f195600000,0x000000f195700000] [id=10088]
  0x000002b343ae8ef0 ConcurrentGCThread "G1 Refine#0" [stack: 0x000000f195700000,0x000000f195800000] [id=12740]
  0x000002b343ae9910 ConcurrentGCThread "G1 Service" [stack: 0x000000f195800000,0x000000f195900000] [id=2680]

Threads with active compile tasks:
C2 CompilerThread0      247  299       4       ShoppingCart::main (302 bytes)

VM state: not at safepoint (normal execution)

VM Mutex/Monitor currently owned by a thread: None

Heap address: 0x0000000082000000, size: 2016 MB, Compressed Oops mode: 32-bit

CDS archive(s) mapped at: [0x0000000800000000-0x0000000800bc0000-0x0000000800bc0000), size 12320768, SharedBaseAddress: 0x0000000800000000, ArchiveRelocationMode: 0.
Compressed class space mapped at: 0x0000000800c00000-0x0000000840c00000, reserved size: 1073741824
Narrow klass base: 0x0000000800000000, Narrow klass shift: 0, Narrow klass range: 0x100000000

GC Precious Log:
 CPUs: 4 total, 4 available
 Memory: 8058M
 Large Page Support: Disabled
 NUMA Support: Disabled
 Compressed Oops: Enabled (32-bit)
 Heap Region Size: 1M
 Heap Min Capacity: 8M
 Heap Initial Capacity: 126M
 Heap Max Capacity: 2016M
 Pre-touch: Disabled
 Parallel Workers: 4
 Concurrent Workers: 1
 Concurrent Refinement Workers: 4
 Periodic GC: Disabled

Heap:
 garbage-first heap   total 129024K, used 2048K [0x0000000082000000, 0x0000000100000000)
  region size 1024K, 3 young (3072K), 0 survivors (0K)
 Metaspace       used 943K, committed 1024K, reserved 1056768K
  class space    used 73K, committed 128K, reserved 1048576K

Heap Regions: E=young(eden), S=young(survivor), O=old, HS=humongous(starts), HC=humongous(continues), CS=collection set, F=free, OA=open archive, CA=closed archive, TAMS=top-at-mark-start (previous, next)
|   0|0x0000000082000000, 0x0000000082000000, 0x0000000082100000|  0%| F|  |TAMS 0x0000000082000000, 0x0000000082000000| Untracked 
|   1|0x0000000082100000, 0x0000000082100000, 0x0000000082200000|  0%| F|  |TAMS 0x0000000082100000, 0x0000000082100000| Untracked 
|   2|0x0000000082200000, 0x0000000082200000, 0x0000000082300000|  0%| F|  |TAMS 0x0000000082200000, 0x0000000082200000| Untracked 
|   3|0x0000000082300000, 0x0000000082300000, 0x0000000082400000|  0%| F|  |TAMS 0x0000000082300000, 0x0000000082300000| Untracked 
|   4|0x0000000082400000, 0x0000000082400000, 0x0000000082500000|  0%| F|  |TAMS 0x0000000082400000, 0x0000000082400000| Untracked 
|   5|0x0000000082500000, 0x0000000082500000, 0x0000000082600000|  0%| F|  |TAMS 0x0000000082500000, 0x0000000082500000| Untracked 
|   6|0x0000000082600000, 0x0000000082600000, 0x0000000082700000|  0%| F|  |TAMS 0x0000000082600000, 0x0000000082600000| Untracked 
|   7|0x0000000082700000, 0x0000000082700000, 0x0000000082800000|  0%| F|  |TAMS 0x0000000082700000, 0x0000000082700000| Untracked 
|   8|0x0000000082800000, 0x0000000082800000, 0x0000000082900000|  0%| F|  |TAMS 0x0000000082800000, 0x0000000082800000| Untracked 
|   9|0x0000000082900000, 0x0000000082900000, 0x0000000082a00000|  0%| F|  |TAMS 0x0000000082900000, 0x0000000082900000| Untracked 
|  10|0x0000000082a00000, 0x0000000082a00000, 0x0000000082b00000|  0%| F|  |TAMS 0x0000000082a00000, 0x0000000082a00000| Untracked 
|  11|0x0000000082b00000, 0x0000000082b00000, 0x0000000082c00000|  0%| F|  |TAMS 0x0000000082b00000, 0x0000000082b00000| Untracked 
|  12|0x0000000082c00000, 0x0000000082c00000, 0x0000000082d00000|  0%| F|  |TAMS 0x0000000082c00000, 0x0000000082c00000| Untracked 
|  13|0x0000000082d00000, 0x0000000082d00000, 0x0000000082e00000|  0%| F|  |TAMS 0x0000000082d00000, 0x0000000082d00000| Untracked 
|  14|0x0000000082e00000, 0x0000000082e00000, 0x0000000082f00000|  0%| F|  |TAMS 0x0000000082e00000, 0x0000000082e00000| Untracked 
|  15|0x0000000082f00000, 0x0000000082f00000, 0x0000000083000000|  0%| F|  |TAMS 0x0000000082f00000, 0x0000000082f00000| Untracked 
|  16|0x0000000083000000, 0x0000000083000000, 0x0000000083100000|  0%| F|  |TAMS 0x0000000083000000, 0x0000000083000000| Untracked 
|  17|0x0000000083100000, 0x0000000083100000, 0x0000000083200000|  0%| F|  |TAMS 0x0000000083100000, 0x0000000083100000| Untracked 
|  18|0x0000000083200000, 0x0000000083200000, 0x0000000083300000|  0%| F|  |TAMS 0x0000000083200000, 0x0000000083200000| Untracked 
|  19|0x0000000083300000, 0x0000000083300000, 0x0000000083400000|  0%| F|  |TAMS 0x0000000083300000, 0x0000000083300000| Untracked 
|  20|0x0000000083400000, 0x0000000083400000, 0x0000000083500000|  0%| F|  |TAMS 0x0000000083400000, 0x0000000083400000| Untracked 
|  21|0x0000000083500000, 0x0000000083500000, 0x0000000083600000|  0%| F|  |TAMS 0x0000000083500000, 0x0000000083500000| Untracked 
|  22|0x0000000083600000, 0x0000000083600000, 0x0000000083700000|  0%| F|  |TAMS 0x0000000083600000, 0x0000000083600000| Untracked 
|  23|0x0000000083700000, 0x0000000083700000, 0x0000000083800000|  0%| F|  |TAMS 0x0000000083700000, 0x0000000083700000| Untracked 
|  24|0x0000000083800000, 0x0000000083800000, 0x0000000083900000|  0%| F|  |TAMS 0x0000000083800000, 0x0000000083800000| Untracked 
|  25|0x0000000083900000, 0x0000000083900000, 0x0000000083a00000|  0%| F|  |TAMS 0x0000000083900000, 0x0000000083900000| Untracked 
|  26|0x0000000083a00000, 0x0000000083a00000, 0x0000000083b00000|  0%| F|  |TAMS 0x0000000083a00000, 0x0000000083a00000| Untracked 
|  27|0x0000000083b00000, 0x0000000083b00000, 0x0000000083c00000|  0%| F|  |TAMS 0x0000000083b00000, 0x0000000083b00000| Untracked 
|  28|0x0000000083c00000, 0x0000000083c00000, 0x0000000083d00000|  0%| F|  |TAMS 0x0000000083c00000, 0x0000000083c00000| Untracked 
|  29|0x0000000083d00000, 0x0000000083d00000, 0x0000000083e00000|  0%| F|  |TAMS 0x0000000083d00000, 0x0000000083d00000| Untracked 
|  30|0x0000000083e00000, 0x0000000083e00000, 0x0000000083f00000|  0%| F|  |TAMS 0x0000000083e00000, 0x0000000083e00000| Untracked 
|  31|0x0000000083f00000, 0x0000000083f00000, 0x0000000084000000|  0%| F|  |TAMS 0x0000000083f00000, 0x0000000083f00000| Untracked 
|  32|0x0000000084000000, 0x0000000084000000, 0x0000000084100000|  0%| F|  |TAMS 0x0000000084000000, 0x0000000084000000| Untracked 
|  33|0x0000000084100000, 0x0000000084100000, 0x0000000084200000|  0%| F|  |TAMS 0x0000000084100000, 0x0000000084100000| Untracked 
|  34|0x0000000084200000, 0x0000000084200000, 0x0000000084300000|  0%| F|  |TAMS 0x0000000084200000, 0x0000000084200000| Untracked 
|  35|0x0000000084300000, 0x0000000084300000, 0x0000000084400000|  0%| F|  |TAMS 0x0000000084300000, 0x0000000084300000| Untracked 
|  36|0x0000000084400000, 0x0000000084400000, 0x0000000084500000|  0%| F|  |TAMS 0x0000000084400000, 0x0000000084400000| Untracked 
|  37|0x0000000084500000, 0x0000000084500000, 0x0000000084600000|  0%| F|  |TAMS 0x0000000084500000, 0x0000000084500000| Untracked 
|  38|0x0000000084600000, 0x0000000084600000, 0x0000000084700000|  0%| F|  |TAMS 0x0000000084600000, 0x0000000084600000| Untracked 
|  39|0x0000000084700000, 0x0000000084700000, 0x0000000084800000|  0%| F|  |TAMS 0x0000000084700000, 0x0000000084700000| Untracked 
|  40|0x0000000084800000, 0x0000000084800000, 0x0000000084900000|  0%| F|  |TAMS 0x0000000084800000, 0x0000000084800000| Untracked 
|  41|0x0000000084900000, 0x0000000084900000, 0x0000000084a00000|  0%| F|  |TAMS 0x0000000084900000, 0x0000000084900000| Untracked 
|  42|0x0000000084a00000, 0x0000000084a00000, 0x0000000084b00000|  0%| F|  |TAMS 0x0000000084a00000, 0x0000000084a00000| Untracked 
|  43|0x0000000084b00000, 0x0000000084b00000, 0x0000000084c00000|  0%| F|  |TAMS 0x0000000084b00000, 0x0000000084b00000| Untracked 
|  44|0x0000000084c00000, 0x0000000084c00000, 0x0000000084d00000|  0%| F|  |TAMS 0x0000000084c00000, 0x0000000084c00000| Untracked 
|  45|0x0000000084d00000, 0x0000000084d00000, 0x0000000084e00000|  0%| F|  |TAMS 0x0000000084d00000, 0x0000000084d00000| Untracked 
|  46|0x0000000084e00000, 0x0000000084e00000, 0x0000000084f00000|  0%| F|  |TAMS 0x0000000084e00000, 0x0000000084e00000| Untracked 
|  47|0x0000000084f00000, 0x0000000084f00000, 0x0000000085000000|  0%| F|  |TAMS 0x0000000084f00000, 0x0000000084f00000| Untracked 
|  48|0x0000000085000000, 0x0000000085000000, 0x0000000085100000|  0%| F|  |TAMS 0x0000000085000000, 0x0000000085000000| Untracked 
|  49|0x0000000085100000, 0x0000000085100000, 0x0000000085200000|  0%| F|  |TAMS 0x0000000085100000, 0x0000000085100000| Untracked 
|  50|0x0000000085200000, 0x0000000085200000, 0x0000000085300000|  0%| F|  |TAMS 0x0000000085200000, 0x0000000085200000| Untracked 
|  51|0x0000000085300000, 0x0000000085300000, 0x0000000085400000|  0%| F|  |TAMS 0x0000000085300000, 0x0000000085300000| Untracked 
|  52|0x0000000085400000, 0x0000000085400000, 0x0000000085500000|  0%| F|  |TAMS 0x0000000085400000, 0x0000000085400000| Untracked 
|  53|0x0000000085500000, 0x0000000085500000, 0x0000000085600000|  0%| F|  |TAMS 0x0000000085500000, 0x0000000085500000| Untracked 
|  54|0x0000000085600000, 0x0000000085600000, 0x0000000085700000|  0%| F|  |TAMS 0x0000000085600000, 0x0000000085600000| Untracked 
|  55|0x0000000085700000, 0x0000000085700000, 0x0000000085800000|  0%| F|  |TAMS 0x0000000085700000, 0x0000000085700000| Untracked 
|  56|0x0000000085800000, 0x0000000085800000, 0x0000000085900000|  0%| F|  |TAMS 0x0000000085800000, 0x0000000085800000| Untracked 
|  57|0x0000000085900000, 0x0000000085900000, 0x0000000085a00000|  0%| F|  |TAMS 0x0000000085900000, 0x0000000085900000| Untracked 
|  58|0x0000000085a00000, 0x0000000085a00000, 0x0000000085b00000|  0%| F|  |TAMS 0x0000000085a00000, 0x0000000085a00000| Untracked 
|  59|0x0000000085b00000, 0x0000000085b00000, 0x0000000085c00000|  0%| F|  |TAMS 0x0000000085b00000, 0x0000000085b00000| Untracked 
|  60|0x0000000085c00000, 0x0000000085c00000, 0x0000000085d00000|  0%| F|  |TAMS 0x0000000085c00000, 0x0000000085c00000| Untracked 
|  61|0x0000000085d00000, 0x0000000085d00000, 0x0000000085e00000|  0%| F|  |TAMS 0x0000000085d00000, 0x0000000085d00000| Untracked 
|  62|0x0000000085e00000, 0x0000000085e00000, 0x0000000085f00000|  0%| F|  |TAMS 0x0000000085e00000, 0x0000000085e00000| Untracked 
|  63|0x0000000085f00000, 0x0000000085f00000, 0x0000000086000000|  0%| F|  |TAMS 0x0000000085f00000, 0x0000000085f00000| Untracked 
|  64|0x0000000086000000, 0x0000000086000000, 0x0000000086100000|  0%| F|  |TAMS 0x0000000086000000, 0x0000000086000000| Untracked 
|  65|0x0000000086100000, 0x0000000086100000, 0x0000000086200000|  0%| F|  |TAMS 0x0000000086100000, 0x0000000086100000| Untracked 
|  66|0x0000000086200000, 0x0000000086200000, 0x0000000086300000|  0%| F|  |TAMS 0x0000000086200000, 0x0000000086200000| Untracked 
|  67|0x0000000086300000, 0x0000000086300000, 0x0000000086400000|  0%| F|  |TAMS 0x0000000086300000, 0x0000000086300000| Untracked 
|  68|0x0000000086400000, 0x0000000086400000, 0x0000000086500000|  0%| F|  |TAMS 0x0000000086400000, 0x0000000086400000| Untracked 
|  69|0x0000000086500000, 0x0000000086500000, 0x0000000086600000|  0%| F|  |TAMS 0x0000000086500000, 0x0000000086500000| Untracked 
|  70|0x0000000086600000, 0x0000000086600000, 0x0000000086700000|  0%| F|  |TAMS 0x0000000086600000, 0x0000000086600000| Untracked 
|  71|0x0000000086700000, 0x0000000086700000, 0x0000000086800000|  0%| F|  |TAMS 0x0000000086700000, 0x0000000086700000| Untracked 
|  72|0x0000000086800000, 0x0000000086800000, 0x0000000086900000|  0%| F|  |TAMS 0x0000000086800000, 0x0000000086800000| Untracked 
|  73|0x0000000086900000, 0x0000000086900000, 0x0000000086a00000|  0%| F|  |TAMS 0x0000000086900000, 0x0000000086900000| Untracked 
|  74|0x0000000086a00000, 0x0000000086a00000, 0x0000000086b00000|  0%| F|  |TAMS 0x0000000086a00000, 0x0000000086a00000| Untracked 
|  75|0x0000000086b00000, 0x0000000086b00000, 0x0000000086c00000|  0%| F|  |TAMS 0x0000000086b00000, 0x0000000086b00000| Untracked 
|  76|0x0000000086c00000, 0x0000000086c00000, 0x0000000086d00000|  0%| F|  |TAMS 0x0000000086c00000, 0x0000000086c00000| Untracked 
|  77|0x0000000086d00000, 0x0000000086d00000, 0x0000000086e00000|  0%| F|  |TAMS 0x0000000086d00000, 0x0000000086d00000| Untracked 
|  78|0x0000000086e00000, 0x0000000086e00000, 0x0000000086f00000|  0%| F|  |TAMS 0x0000000086e00000, 0x0000000086e00000| Untracked 
|  79|0x0000000086f00000, 0x0000000086f00000, 0x0000000087000000|  0%| F|  |TAMS 0x0000000086f00000, 0x0000000086f00000| Untracked 
|  80|0x0000000087000000, 0x0000000087000000, 0x0000000087100000|  0%| F|  |TAMS 0x0000000087000000, 0x0000000087000000| Untracked 
|  81|0x0000000087100000, 0x0000000087100000, 0x0000000087200000|  0%| F|  |TAMS 0x0000000087100000, 0x0000000087100000| Untracked 
|  82|0x0000000087200000, 0x0000000087200000, 0x0000000087300000|  0%| F|  |TAMS 0x0000000087200000, 0x0000000087200000| Untracked 
|  83|0x0000000087300000, 0x0000000087300000, 0x0000000087400000|  0%| F|  |TAMS 0x0000000087300000, 0x0000000087300000| Untracked 
|  84|0x0000000087400000, 0x0000000087400000, 0x0000000087500000|  0%| F|  |TAMS 0x0000000087400000, 0x0000000087400000| Untracked 
|  85|0x0000000087500000, 0x0000000087500000, 0x0000000087600000|  0%| F|  |TAMS 0x0000000087500000, 0x0000000087500000| Untracked 
|  86|0x0000000087600000, 0x0000000087600000, 0x0000000087700000|  0%| F|  |TAMS 0x0000000087600000, 0x0000000087600000| Untracked 
|  87|0x0000000087700000, 0x0000000087700000, 0x0000000087800000|  0%| F|  |TAMS 0x0000000087700000, 0x0000000087700000| Untracked 
|  88|0x0000000087800000, 0x0000000087800000, 0x0000000087900000|  0%| F|  |TAMS 0x0000000087800000, 0x0000000087800000| Untracked 
|  89|0x0000000087900000, 0x0000000087900000, 0x0000000087a00000|  0%| F|  |TAMS 0x0000000087900000, 0x0000000087900000| Untracked 
|  90|0x0000000087a00000, 0x0000000087a00000, 0x0000000087b00000|  0%| F|  |TAMS 0x0000000087a00000, 0x0000000087a00000| Untracked 
|  91|0x0000000087b00000, 0x0000000087b00000, 0x0000000087c00000|  0%| F|  |TAMS 0x0000000087b00000, 0x0000000087b00000| Untracked 
|  92|0x0000000087c00000, 0x0000000087c00000, 0x0000000087d00000|  0%| F|  |TAMS 0x0000000087c00000, 0x0000000087c00000| Untracked 
|  93|0x0000000087d00000, 0x0000000087d00000, 0x0000000087e00000|  0%| F|  |TAMS 0x0000000087d00000, 0x0000000087d00000| Untracked 
|  94|0x0000000087e00000, 0x0000000087e00000, 0x0000000087f00000|  0%| F|  |TAMS 0x0000000087e00000, 0x0000000087e00000| Untracked 
|  95|0x0000000087f00000, 0x0000000087f00000, 0x0000000088000000|  0%| F|  |TAMS 0x0000000087f00000, 0x0000000087f00000| Untracked 
|  96|0x0000000088000000, 0x0000000088000000, 0x0000000088100000|  0%| F|  |TAMS 0x0000000088000000, 0x0000000088000000| Untracked 
|  97|0x0000000088100000, 0x0000000088100000, 0x0000000088200000|  0%| F|  |TAMS 0x0000000088100000, 0x0000000088100000| Untracked 
|  98|0x0000000088200000, 0x0000000088200000, 0x0000000088300000|  0%| F|  |TAMS 0x0000000088200000, 0x0000000088200000| Untracked 
|  99|0x0000000088300000, 0x0000000088300000, 0x0000000088400000|  0%| F|  |TAMS 0x0000000088300000, 0x0000000088300000| Untracked 
| 100|0x0000000088400000, 0x0000000088400000, 0x0000000088500000|  0%| F|  |TAMS 0x0000000088400000, 0x0000000088400000| Untracked 
| 101|0x0000000088500000, 0x0000000088500000, 0x0000000088600000|  0%| F|  |TAMS 0x0000000088500000, 0x0000000088500000| Untracked 
| 102|0x0000000088600000, 0x0000000088600000, 0x0000000088700000|  0%| F|  |TAMS 0x0000000088600000, 0x0000000088600000| Untracked 
| 103|0x0000000088700000, 0x0000000088700000, 0x0000000088800000|  0%| F|  |TAMS 0x0000000088700000, 0x0000000088700000| Untracked 
| 104|0x0000000088800000, 0x0000000088800000, 0x0000000088900000|  0%| F|  |TAMS 0x0000000088800000, 0x0000000088800000| Untracked 
| 105|0x0000000088900000, 0x0000000088900000, 0x0000000088a00000|  0%| F|  |TAMS 0x0000000088900000, 0x0000000088900000| Untracked 
| 106|0x0000000088a00000, 0x0000000088a00000, 0x0000000088b00000|  0%| F|  |TAMS 0x0000000088a00000, 0x0000000088a00000| Untracked 
| 107|0x0000000088b00000, 0x0000000088b00000, 0x0000000088c00000|  0%| F|  |TAMS 0x0000000088b00000, 0x0000000088b00000| Untracked 
| 108|0x0000000088c00000, 0x0000000088c00000, 0x0000000088d00000|  0%| F|  |TAMS 0x0000000088c00000, 0x0000000088c00000| Untracked 
| 109|0x0000000088d00000, 0x0000000088d00000, 0x0000000088e00000|  0%| F|  |TAMS 0x0000000088d00000, 0x0000000088d00000| Untracked 
| 110|0x0000000088e00000, 0x0000000088e00000, 0x0000000088f00000|  0%| F|  |TAMS 0x0000000088e00000, 0x0000000088e00000| Untracked 
| 111|0x0000000088f00000, 0x0000000088f00000, 0x0000000089000000|  0%| F|  |TAMS 0x0000000088f00000, 0x0000000088f00000| Untracked 
| 112|0x0000000089000000, 0x0000000089000000, 0x0000000089100000|  0%| F|  |TAMS 0x0000000089000000, 0x0000000089000000| Untracked 
| 113|0x0000000089100000, 0x0000000089100000, 0x0000000089200000|  0%| F|  |TAMS 0x0000000089100000, 0x0000000089100000| Untracked 
| 114|0x0000000089200000, 0x0000000089200000, 0x0000000089300000|  0%| F|  |TAMS 0x0000000089200000, 0x0000000089200000| Untracked 
| 115|0x0000000089300000, 0x0000000089300000, 0x0000000089400000|  0%| F|  |TAMS 0x0000000089300000, 0x0000000089300000| Untracked 
| 116|0x0000000089400000, 0x0000000089400000, 0x0000000089500000|  0%| F|  |TAMS 0x0000000089400000, 0x0000000089400000| Untracked 
| 117|0x0000000089500000, 0x0000000089500000, 0x0000000089600000|  0%| F|  |TAMS 0x0000000089500000, 0x0000000089500000| Untracked 
| 118|0x0000000089600000, 0x0000000089600000, 0x0000000089700000|  0%| F|  |TAMS 0x0000000089600000, 0x0000000089600000| Untracked 
| 119|0x0000000089700000, 0x0000000089700000, 0x0000000089800000|  0%| F|  |TAMS 0x0000000089700000, 0x0000000089700000| Untracked 
| 120|0x0000000089800000, 0x0000000089800000, 0x0000000089900000|  0%| F|  |TAMS 0x0000000089800000, 0x0000000089800000| Untracked 
| 121|0x0000000089900000, 0x0000000089900000, 0x0000000089a00000|  0%| F|  |TAMS 0x0000000089900000, 0x0000000089900000| Untracked 
| 122|0x0000000089a00000, 0x0000000089a00000, 0x0000000089b00000|  0%| F|  |TAMS 0x0000000089a00000, 0x0000000089a00000| Untracked 
| 123|0x0000000089b00000, 0x0000000089c00000, 0x0000000089c00000|100%| E|  |TAMS 0x0000000089b00000, 0x0000000089b00000| Complete 
| 124|0x0000000089c00000, 0x0000000089d00000, 0x0000000089d00000|100%| E|CS|TAMS 0x0000000089c00000, 0x0000000089c00000| Complete 
| 125|0x0000000089d00000, 0x0000000089e00000, 0x0000000089e00000|100%| E|CS|TAMS 0x0000000089d00000, 0x0000000089d00000| Complete 

Card table byte_map: [0x000002b35c410000,0x000002b35c800000] _byte_map_base: 0x000002b35c000000

Marking Bits (Prev, Next): (CMBitMap*) 0x000002b343a5afe0, (CMBitMap*) 0x000002b343a5b020
 Prev Bits: [0x000002b35cbf0000, 0x000002b35eb70000)
 Next Bits: [0x000002b35eb70000, 0x000002b360af0000)

Polling page: 0x000002b343870000

Metaspace:

Usage:
  Non-class:    869.89 KB used.
      Class:     73.45 KB used.
       Both:    943.34 KB used.

Virtual space:
  Non-class space:        8.00 MB reserved,     896.00 KB ( 11%) committed,  1 nodes.
      Class space:        1.00 GB reserved,     128.00 KB ( <1%) committed,  1 nodes.
             Both:        1.01 GB reserved,       1.00 MB ( <1%) committed. 

Chunk freelists:
   Non-Class:  3.94 MB
       Class:  3.73 MB
        Both:  7.67 MB

MaxMetaspaceSize: unlimited
CompressedClassSpaceSize: 1.00 GB
Initial GC threshold: 21.00 MB
Current GC threshold: 21.00 MB
CDS: on
MetaspaceReclaimPolicy: balanced
 - commit_granule_bytes: 65536.
 - commit_granule_words: 8192.
 - virtual_space_node_default_size: 1048576.
 - enlarge_chunks_in_place: 1.
 - new_chunks_are_fully_committed: 0.
 - uncommit_free_chunks: 1.
 - use_allocation_guard: 0.
 - handle_deallocations: 1.


Internal statistics:

num_allocs_failed_limit: 0.
num_arena_births: 36.
num_arena_deaths: 0.
num_vsnodes_births: 2.
num_vsnodes_deaths: 0.
num_space_committed: 16.
num_space_uncommitted: 0.
num_chunks_returned_to_freelist: 0.
num_chunks_taken_from_freelist: 44.
num_chunk_merges: 0.
num_chunk_splits: 27.
num_chunks_enlarged: 14.
num_purges: 0.
num_inconsistent_stats: 0.

CodeHeap 'non-profiled nmethods': size=120000Kb used=109Kb max_used=109Kb free=119890Kb
 bounds [0x000002b3544d0000, 0x000002b354740000, 0x000002b35ba00000]
CodeHeap 'profiled nmethods': size=120000Kb used=372Kb max_used=372Kb free=119627Kb
 bounds [0x000002b34cfa0000, 0x000002b34d210000, 0x000002b3544d0000]
CodeHeap 'non-nmethods': size=5760Kb used=1130Kb max_used=1145Kb free=4629Kb
 bounds [0x000002b34ca00000, 0x000002b34cc70000, 0x000002b34cfa0000]
 total_blobs=712 nmethods=298 adapters=327
 compilation: enabled
              stopped_count=0, restarted_count=0
 full_count=0

Compilation events (20 events):
Event: 0.180 Thread 0x000002b3630dae20 nmethod 280 0x000002b3544ea010 code [0x000002b3544ea1a0, 0x000002b3544ea278]
Event: 0.180 Thread 0x000002b3630dae20  278       3       java.lang.StringBuilder::<init> (7 bytes)
Event: 0.180 Thread 0x000002b3630dae20 nmethod 278 0x000002b34cff6810 code [0x000002b34cff69a0, 0x000002b34cff6ae8]
Event: 0.180 Thread 0x000002b3630dae20  289       1       java.lang.invoke.MethodTypeForm::basicType (5 bytes)
Event: 0.180 Thread 0x000002b3630dae20 nmethod 289 0x000002b3544ea610 code [0x000002b3544ea7a0, 0x000002b3544ea878]
Event: 0.180 Thread 0x000002b3630dae20  292       1       java.lang.invoke.LambdaForm$Name::type (5 bytes)
Event: 0.180 Thread 0x000002b3630dae20 nmethod 292 0x000002b3544eac10 code [0x000002b3544eada0, 0x000002b3544eae78]
Event: 0.180 Thread 0x000002b36307a0f0  293       4       jdk.internal.org.objectweb.asm.SymbolTable::get (13 bytes)
Event: 0.181 Thread 0x000002b36307a0f0 nmethod 293 0x000002b3544eaf10 code [0x000002b3544eb080, 0x000002b3544eb158]
Event: 0.181 Thread 0x000002b3630dae20  294       3       jdk.internal.math.FDBigInteger::mult (64 bytes)
Event: 0.182 Thread 0x000002b3630dae20 nmethod 294 0x000002b34cff6b90 code [0x000002b34cff6d40, 0x000002b34cff6fb8]
Event: 0.182 Thread 0x000002b3630dae20  295       3       jdk.internal.math.FDBigInteger::<init> (30 bytes)
Event: 0.182 Thread 0x000002b3630dae20 nmethod 295 0x000002b34cff7190 code [0x000002b34cff7340, 0x000002b34cff7548]
Event: 0.182 Thread 0x000002b3630dae20  296       3       jdk.internal.math.FDBigInteger::trimLeadingZeros (57 bytes)
Event: 0.182 Thread 0x000002b3630dae20 nmethod 296 0x000002b34cff7690 code [0x000002b34cff7840, 0x000002b34cff7b18]
Event: 0.183 Thread 0x000002b3630dae20  297 %     3       ShoppingCart::main @ 272 (302 bytes)
Event: 0.184 Thread 0x000002b3630dae20 nmethod 297% 0x000002b34cff7c10 code [0x000002b34cff81c0, 0x000002b34cffbd08]
Event: 0.185 Thread 0x000002b36307a0f0  298 %     4       ShoppingCart::main @ 272 (302 bytes)
Event: 0.185 Thread 0x000002b36307a0f0 nmethod 298% 0x000002b3544eb210 code [0x000002b3544eb3a0, 0x000002b3544eb458]
Event: 0.185 Thread 0x000002b36307a0f0  299       4       ShoppingCart::main (302 bytes)

GC Heap History (0 events):
No events

Deoptimization events (2 events):
Event: 0.185 Thread 0x000002b343a1b880 DEOPT PACKING pc=0x000002b34cffbb12 sp=0x000000f1953ff710
Event: 0.185 Thread 0x000002b343a1b880 DEOPT UNPACKING pc=0x000002b34ca52b43 sp=0x000000f1953fec60 mode 0

Classes unloaded (0 events):
No events

Classes redefined (0 events):
No events

Internal exceptions (3 events):
Event: 0.137 Thread 0x000002b363cc10d0 Exception <a 'java/lang/NoSuchMethodError'{0x0000000089ccc948}: 'java.lang.Object java.lang.invoke.DirectMethodHandle$Holder.invokeStaticInit(java.lang.Object)'> (0x0000000089ccc948) 
thrown [t:\workspace\open\src\hotspot\share\interpreter\linkResolver.cpp, line 766]
Event: 0.144 Thread 0x000002b363cc10d0 Exception <a 'java/lang/NoSuchMethodError'{0x0000000089cd9fa8}: 'void java.lang.invoke.DirectMethodHandle$Holder.invokeStatic(java.lang.Object, java.lang.Object)'> (0x0000000089cd9fa8) 
thrown [t:\workspace\open\src\hotspot\share\interpreter\linkResolver.cpp, line 766]
Event: 0.180 Thread 0x000002b343a1b880 Exception <a 'java/lang/NoSuchMethodError'{0x0000000089b9c808}: 'java.lang.Object java.lang.invoke.DirectMethodHandle$Holder.invokeSpecial(java.lang.Object, java.lang.Object, java.lang.Object, double)'> (0x0000000089b9c808) 
thrown [t:\workspace\open\src\hotspot\share\interpreter\linkResolver.cpp, line 766]

VM Operations (4 events):
Event: 0.085 Executing VM operation: HandshakeAllThreads
Event: 0.085 Executing VM operation: HandshakeAllThreads done
Event: 0.135 Executing VM operation: HandshakeAllThreads
Event: 0.135 Executing VM operation: HandshakeAllThreads done

Events (20 events):
Event: 0.148 loading class sun/nio/ch/Util done
Event: 0.148 loading class sun/nio/ch/Util$1
Event: 0.148 loading class sun/nio/ch/Util$1 done
Event: 0.148 loading class sun/nio/ch/Util$BufferCache
Event: 0.148 loading class sun/nio/ch/Util$BufferCache done
Event: 0.148 loading class java/nio/DirectByteBuffer$Deallocator
Event: 0.149 loading class java/nio/DirectByteBuffer$Deallocator done
Event: 0.150 loading class java/util/Scanner$PatternLRUCache
Event: 0.150 loading class java/util/Scanner$PatternLRUCache done
Event: 0.152 loading class jdk/internal/module/ModulePatcher$PatchedModuleReader
Event: 0.152 loading class jdk/internal/module/ModulePatcher$PatchedModuleReader done
Event: 0.153 Loaded shared library C:\Users\Shawn\.jdks\openjdk-17\bin\jimage.dll
Event: 0.154 loading class sun/net/www/protocol/jrt/Handler
Event: 0.154 loading class sun/net/www/protocol/jrt/Handler done
Event: 0.158 loading class sun/text/resources/cldr/FormatData_en
Event: 0.159 loading class sun/text/resources/cldr/FormatData_en done
Event: 0.159 loading class sun/text/resources/cldr/FormatData_en_US
Event: 0.159 loading class sun/text/resources/cldr/FormatData_en_US done
Event: 0.181 loading class jdk/internal/math/FDBigInteger
Event: 0.181 loading class jdk/internal/math/FDBigInteger done


Dynamic libraries:
0x00007ff792700000 - 0x00007ff79270e000 	C:\Users\Shawn\.jdks\openjdk-17\bin\java.exe
0x00007ffbbf410000 - 0x00007ffbbf605000 	C:\WINDOWS\SYSTEM32\ntdll.dll
0x00007ffbbf190000 - 0x00007ffbbf24e000 	C:\WINDOWS\System32\KERNEL32.DLL
0x00007ffbbd090000 - 0x00007ffbbd358000 	C:\WINDOWS\System32\KERNELBASE.dll
0x00007ffbbd360000 - 0x00007ffbbd460000 	C:\WINDOWS\System32\ucrtbase.dll
0x00007ffbb7ba0000 - 0x00007ffbb7bb8000 	C:\Users\Shawn\.jdks\openjdk-17\bin\jli.dll
0x00007ffbbd830000 - 0x00007ffbbd9d0000 	C:\WINDOWS\System32\USER32.dll
0x00007ffbbcb20000 - 0x00007ffbbcb42000 	C:\WINDOWS\System32\win32u.dll
0x00007ffbb7bc0000 - 0x00007ffbb7bda000 	C:\Users\Shawn\.jdks\openjdk-17\bin\VCRUNTIME140.dll
0x00007ffbbdf00000 - 0x00007ffbbdf2b000 	C:\WINDOWS\System32\GDI32.dll
0x00007ffbbcbc0000 - 0x00007ffbbcccd000 	C:\WINDOWS\System32\gdi32full.dll
0x00007ffbbcd50000 - 0x00007ffbbcded000 	C:\WINDOWS\System32\msvcp_win.dll
0x00007ffbb0b80000 - 0x00007ffbb0e1a000 	C:\WINDOWS\WinSxS\amd64_microsoft.windows.common-controls_6595b64144ccf1df_6.0.19041.1110_none_60b5254171f9507e\COMCTL32.dll
0x00007ffbbd9d0000 - 0x00007ffbbda6e000 	C:\WINDOWS\System32\msvcrt.dll
0x00007ffbbde60000 - 0x00007ffbbde90000 	C:\WINDOWS\System32\IMM32.DLL
0x00007ffbb69b0000 - 0x00007ffbb69bc000 	C:\Users\Shawn\.jdks\openjdk-17\bin\vcruntime140_1.dll
0x00007ffba4cf0000 - 0x00007ffba4d7d000 	C:\Users\Shawn\.jdks\openjdk-17\bin\msvcp140.dll
0x00007ffb7f9e0000 - 0x00007ffb8059e000 	C:\Users\Shawn\.jdks\openjdk-17\bin\server\jvm.dll
0x00007ffbbe800000 - 0x00007ffbbe8ae000 	C:\WINDOWS\System32\ADVAPI32.dll
0x00007ffbbda70000 - 0x00007ffbbdb0c000 	C:\WINDOWS\System32\sechost.dll
0x00007ffbbd670000 - 0x00007ffbbd795000 	C:\WINDOWS\System32\RPCRT4.dll
0x00007ffbbf070000 - 0x00007ffbbf078000 	C:\WINDOWS\System32\PSAPI.DLL
0x00007ffba7d10000 - 0x00007ffba7d19000 	C:\WINDOWS\SYSTEM32\WSOCK32.dll
0x00007ffbbf000000 - 0x00007ffbbf06b000 	C:\WINDOWS\System32\WS2_32.dll
0x00007ffbb0140000 - 0x00007ffbb0167000 	C:\WINDOWS\SYSTEM32\WINMM.dll
0x00007ffbb5000000 - 0x00007ffbb500a000 	C:\WINDOWS\SYSTEM32\VERSION.dll
0x00007ffbbb610000 - 0x00007ffbbb622000 	C:\WINDOWS\SYSTEM32\kernel.appcore.dll
0x00007ffbb2a40000 - 0x00007ffbb2a4a000 	C:\Users\Shawn\.jdks\openjdk-17\bin\jimage.dll
0x00007ffbbb0e0000 - 0x00007ffbbb2c4000 	C:\WINDOWS\SYSTEM32\DBGHELP.DLL
0x00007ffba1b70000 - 0x00007ffba1b9c000 	C:\WINDOWS\SYSTEM32\dbgcore.DLL
0x00007ffbbcdf0000 - 0x00007ffbbce72000 	C:\WINDOWS\System32\bcryptPrimitives.dll
0x00007ffbb2a30000 - 0x00007ffbb2a3e000 	C:\Users\Shawn\.jdks\openjdk-17\bin\instrument.dll
0x00007ffba4cc0000 - 0x00007ffba4ce5000 	C:\Users\Shawn\.jdks\openjdk-17\bin\java.dll
0x00007ffba2050000 - 0x00007ffba2126000 	C:\Users\Shawn\.jdks\openjdk-17\bin\svml.dll
0x00007ffbbe8b0000 - 0x00007ffbbeff4000 	C:\WINDOWS\System32\SHELL32.dll
0x00007ffbba840000 - 0x00007ffbbafd4000 	C:\WINDOWS\SYSTEM32\windows.storage.dll
0x00007ffbbe020000 - 0x00007ffbbe375000 	C:\WINDOWS\System32\combase.dll
0x00007ffbbc4a0000 - 0x00007ffbbc4ce000 	C:\WINDOWS\SYSTEM32\Wldp.dll
0x00007ffbbf250000 - 0x00007ffbbf2fd000 	C:\WINDOWS\System32\SHCORE.dll
0x00007ffbbde00000 - 0x00007ffbbde55000 	C:\WINDOWS\System32\shlwapi.dll
0x00007ffbbca60000 - 0x00007ffbbca7f000 	C:\WINDOWS\SYSTEM32\profapi.dll
0x00007ffba4c60000 - 0x00007ffba4c78000 	C:\Users\Shawn\.jdks\openjdk-17\bin\zip.dll
0x00007ffba4ca0000 - 0x00007ffba4cb9000 	C:\Users\Shawn\.jdks\openjdk-17\bin\net.dll
0x00007ffbb4310000 - 0x00007ffbb441c000 	C:\WINDOWS\SYSTEM32\WINHTTP.dll
0x00007ffbbc200000 - 0x00007ffbbc26a000 	C:\WINDOWS\system32\mswsock.dll
0x00007ffba4c80000 - 0x00007ffba4c95000 	C:\Users\Shawn\.jdks\openjdk-17\bin\nio.dll
0x00007ffb84af0000 - 0x00007ffb84b0a000 	C:\Program Files\JetBrains\IntelliJ IDEA Community Edition 2021.2.2\bin\breakgen64.dll

dbghelp: loaded successfully - version: 4.0.5 - missing functions: none
symbol engine: initialized successfully - sym options: 0x614 - pdb path: .;C:\Users\Shawn\.jdks\openjdk-17\bin;C:\WINDOWS\SYSTEM32;C:\WINDOWS\WinSxS\amd64_microsoft.windows.common-controls_6595b64144ccf1df_6.0.19041.1110_none_60b5254171f9507e;C:\Users\Shawn\.jdks\openjdk-17\bin\server;C:\Program Files\JetBrains\IntelliJ IDEA Community Edition 2021.2.2\bin

VM Arguments:
jvm_args: -javaagent:C:\Program Files\JetBrains\IntelliJ IDEA Community Edition 2021.2.2\lib\idea_rt.jar=50195:C:\Program Files\JetBrains\IntelliJ IDEA Community Edition 2021.2.2\bin -Dfile.encoding=UTF-8 
java_command: ShoppingCart
java_class_path (initial): C:\Users\Shawn\IdeaProjects\ShoppingCart\out\production\ShoppingCart
Launcher Type: SUN_STANDARD

[Global flags]
     intx CICompilerCount                          = 3                                         {product} {ergonomic}
     uint ConcGCThreads                            = 1                                         {product} {ergonomic}
     uint G1ConcRefinementThreads                  = 4                                         {product} {ergonomic}
   size_t G1HeapRegionSize                         = 1048576                                   {product} {ergonomic}
    uintx GCDrainStackTargetSize                   = 64                                        {product} {ergonomic}
   size_t InitialHeapSize                          = 132120576                                 {product} {ergonomic}
   size_t MarkStackSize                            = 4194304                                   {product} {ergonomic}
   size_t MaxHeapSize                              = 2113929216                                {product} {ergonomic}
   size_t MaxNewSize                               = 1267728384                                {product} {ergonomic}
   size_t MinHeapDeltaBytes                        = 1048576                                   {product} {ergonomic}
   size_t MinHeapSize                              = 8388608                                   {product} {ergonomic}
    uintx NonNMethodCodeHeapSize                   = 5832780                                {pd product} {ergonomic}
    uintx NonProfiledCodeHeapSize                  = 122912730                              {pd product} {ergonomic}
    uintx ProfiledCodeHeapSize                     = 122912730                              {pd product} {ergonomic}
    uintx ReservedCodeCacheSize                    = 251658240                              {pd product} {ergonomic}
     bool SegmentedCodeCache                       = true                                      {product} {ergonomic}
   size_t SoftMaxHeapSize                          = 2113929216                             {manageable} {ergonomic}
     bool UseCompressedClassPointers               = true                           {product lp64_product} {ergonomic}
     bool UseCompressedOops                        = true                           {product lp64_product} {ergonomic}
     bool UseG1GC                                  = true                                      {product} {ergonomic}
     bool UseLargePagesIndividualAllocation        = false                                  {pd product} {ergonomic}

Logging:
Log output configuration:
 #0: stdout all=warning uptime,level,tags
 #1: stderr all=off uptime,level,tags

Environment Variables:
PATH=C:\Windows\system32;C:\Windows;C:\Windows\System32\Wbem;C:\Windows\System32\WindowsPowerShell\v1.0\;C:\Program Files (x86)\NVIDIA Corporation\PhysX\Common;C:\WINDOWS\system32;C:\WINDOWS;C:\WINDOWS\System32\Wbem;C:\WINDOWS\System32\WindowsPowerShell\v1.0\;C:\WINDOWS\System32\OpenSSH\;C:\Program Files\Intel\WiFi\bin\;C:\Program Files\Common Files\Intel\WirelessCommon\;C:\Program Files\NVIDIA Corporation\NVIDIA NvDLISR;C:\Program Files (x86)\Intel\Intel(R) Management Engine Components\DAL;C:\Program Files\Intel\Intel(R) Management Engine Components\DAL;C:\WINDOWS\system32;C:\WINDOWS;C:\WINDOWS\System32\Wbem;C:\WINDOWS\System32\WindowsPowerShell\v1.0\;C:\WINDOWS\System32\OpenSSH\;S:\Git\cmd;C:\Users\Shawn\AppData\Local\Microsoft\WindowsApps;
USERNAME=Shawn
OS=Windows_NT
PROCESSOR_IDENTIFIER=Intel64 Family 6 Model 158 Stepping 9, GenuineIntel



---------------  S Y S T E M  ---------------

OS:
 Windows 10 , 64 bit Build 19041 (10.0.19041.1503)
OS uptime: 0 days 1:43 hours

CPU: total 4 (initial active 4) (4 cores per cpu, 1 threads per core) family 6 model 158 stepping 9 microcode 0xb4, cx8, cmov, fxsr, mmx, 3dnowpref, sse, sse2, sse3, ssse3, sse4.1, sse4.2, popcnt, lzcnt, tsc, tscinvbit, avx, avx2, aes, erms, clmul, bmi1, bmi2, adx, fma, vzeroupper, clflush, clflushopt

Memory: 4k page, system-wide physical 8058M (1718M free)
TotalPageFile size 14970M (AvailPageFile size 5297M)
current process WorkingSet (physical memory assigned to process): 37M, peak: 37M
current process commit charge ("private bytes"): 201M, peak: 202M

vm_info: OpenJDK 64-Bit Server VM (17+35-2724) for windows-amd64 JRE (17+35-2724), built on Aug  5 2021 23:26:02 by "mach5one" with MS VC++ 16.8 (VS2019)

END.
